{"/home/travis/build/npmtest/node-npmtest-webflight/test.js":{"path":"/home/travis/build/npmtest/node-npmtest-webflight/test.js","s":{"1":2,"2":2,"3":2,"4":2,"5":2,"6":2,"7":2,"8":1,"9":2,"10":2,"11":1,"12":1,"13":1,"14":1,"15":2,"16":2,"17":2,"18":2,"19":1,"20":1,"21":2,"22":2,"23":2,"24":1,"25":1,"26":1,"27":1,"28":1,"29":1,"30":1,"31":1,"32":1,"33":1,"34":1,"35":1,"36":1,"37":1,"38":1,"39":2,"40":2,"41":1,"42":2,"43":2,"44":1,"45":2,"46":2,"47":1,"48":2,"49":2,"50":1,"51":1,"52":1,"53":1,"54":1},"b":{"1":[2,1,1,1],"2":[1,1,1,1],"3":[1,1],"4":[1,1],"5":[1,1],"6":[1,1],"7":[1,1],"8":[1,1],"9":[1,1],"10":[1,1,1],"11":[1,1],"12":[1,1],"13":[1,1],"14":[1,1],"15":[1,1],"16":[1,1],"17":[1,1]},"f":{"1":2,"2":2,"3":2,"4":2,"5":2,"6":1,"7":1,"8":1,"9":2,"10":2,"11":2,"12":2,"13":1},"fnMap":{"1":{"name":"(anonymous_1)","line":12,"loc":{"start":{"line":12,"column":1},"end":{"line":12,"column":13}}},"2":{"name":"(anonymous_2)","line":19,"loc":{"start":{"line":19,"column":5},"end":{"line":19,"column":17}}},"3":{"name":"(anonymous_3)","line":23,"loc":{"start":{"line":23,"column":24},"end":{"line":23,"column":36}}},"4":{"name":"(anonymous_4)","line":61,"loc":{"start":{"line":61,"column":5},"end":{"line":61,"column":17}}},"5":{"name":"(anonymous_5)","line":82,"loc":{"start":{"line":82,"column":5},"end":{"line":82,"column":17}}},"6":{"name":"(anonymous_6)","line":91,"loc":{"start":{"line":91,"column":77},"end":{"line":94,"column":10}}},"7":{"name":"(anonymous_7)","line":112,"loc":{"start":{"line":112,"column":83},"end":{"line":115,"column":10}},"skip":true},"8":{"name":"(anonymous_8)","line":123,"loc":{"start":{"line":123,"column":77},"end":{"line":126,"column":10}},"skip":true},"9":{"name":"(anonymous_9)","line":139,"loc":{"start":{"line":139,"column":12},"end":{"line":139,"column":40}},"skip":true},"10":{"name":"(anonymous_10)","line":147,"loc":{"start":{"line":147,"column":77},"end":{"line":150,"column":10}},"skip":true},"11":{"name":"(anonymous_11)","line":158,"loc":{"start":{"line":158,"column":83},"end":{"line":161,"column":10}},"skip":true},"12":{"name":"(anonymous_12)","line":169,"loc":{"start":{"line":169,"column":79},"end":{"line":172,"column":10}},"skip":true},"13":{"name":"(anonymous_13)","line":180,"loc":{"start":{"line":180,"column":75},"end":{"line":183,"column":10}},"skip":true}},"statementMap":{"1":{"start":{"line":12,"column":0},"end":{"line":195,"column":5}},"2":{"start":{"line":14,"column":4},"end":{"line":14,"column":14}},"3":{"start":{"line":19,"column":4},"end":{"line":56,"column":9}},"4":{"start":{"line":21,"column":8},"end":{"line":21,"column":19}},"5":{"start":{"line":23,"column":8},"end":{"line":35,"column":13}},"6":{"start":{"line":24,"column":12},"end":{"line":34,"column":13}},"7":{"start":{"line":25,"column":16},"end":{"line":28,"column":30}},"8":{"start":{"line":30,"column":16},"end":{"line":33,"column":27}},"9":{"start":{"line":37,"column":8},"end":{"line":39,"column":21}},"10":{"start":{"line":40,"column":8},"end":{"line":53,"column":9}},"11":{"start":{"line":43,"column":12},"end":{"line":46,"column":14}},"12":{"start":{"line":47,"column":12},"end":{"line":47,"column":18}},"13":{"start":{"line":50,"column":12},"end":{"line":51,"column":46}},"14":{"start":{"line":52,"column":12},"end":{"line":52,"column":18}},"15":{"start":{"line":55,"column":8},"end":{"line":55,"column":35}},"16":{"start":{"line":61,"column":4},"end":{"line":63,"column":9}},"17":{"start":{"line":62,"column":8},"end":{"line":62,"column":15}},"18":{"start":{"line":64,"column":4},"end":{"line":77,"column":5}},"19":{"start":{"line":70,"column":8},"end":{"line":70,"column":14}},"20":{"start":{"line":76,"column":8},"end":{"line":76,"column":14}},"21":{"start":{"line":82,"column":4},"end":{"line":84,"column":9}},"22":{"start":{"line":83,"column":8},"end":{"line":83,"column":15}},"23":{"start":{"line":85,"column":4},"end":{"line":194,"column":5}},"24":{"start":{"line":91,"column":8},"end":{"line":99,"column":10}},"25":{"start":{"line":98,"column":12},"end":{"line":98,"column":35}},"26":{"start":{"line":102,"column":8},"end":{"line":104,"column":63}},"27":{"start":{"line":105,"column":8},"end":{"line":105,"column":14}},"28":{"start":{"line":112,"column":8},"end":{"line":121,"column":10},"skip":true},"29":{"start":{"line":119,"column":12},"end":{"line":119,"column":55},"skip":true},"30":{"start":{"line":120,"column":12},"end":{"line":120,"column":48},"skip":true},"31":{"start":{"line":123,"column":8},"end":{"line":136,"column":10},"skip":true},"32":{"start":{"line":130,"column":12},"end":{"line":130,"column":76},"skip":true},"33":{"start":{"line":131,"column":12},"end":{"line":131,"column":73},"skip":true},"34":{"start":{"line":132,"column":12},"end":{"line":132,"column":74},"skip":true},"35":{"start":{"line":133,"column":12},"end":{"line":133,"column":79},"skip":true},"36":{"start":{"line":134,"column":12},"end":{"line":134,"column":25},"skip":true},"37":{"start":{"line":135,"column":12},"end":{"line":135,"column":45},"skip":true},"38":{"start":{"line":138,"column":8},"end":{"line":145,"column":14},"skip":true},"39":{"start":{"line":143,"column":16},"end":{"line":143,"column":29},"skip":true},"40":{"start":{"line":144,"column":16},"end":{"line":144,"column":55},"skip":true},"41":{"start":{"line":147,"column":8},"end":{"line":156,"column":10},"skip":true},"42":{"start":{"line":154,"column":12},"end":{"line":154,"column":25},"skip":true},"43":{"start":{"line":155,"column":12},"end":{"line":155,"column":45},"skip":true},"44":{"start":{"line":158,"column":8},"end":{"line":167,"column":10},"skip":true},"45":{"start":{"line":165,"column":12},"end":{"line":165,"column":25},"skip":true},"46":{"start":{"line":166,"column":12},"end":{"line":166,"column":48},"skip":true},"47":{"start":{"line":169,"column":8},"end":{"line":178,"column":10},"skip":true},"48":{"start":{"line":176,"column":12},"end":{"line":176,"column":25},"skip":true},"49":{"start":{"line":177,"column":12},"end":{"line":177,"column":46},"skip":true},"50":{"start":{"line":180,"column":8},"end":{"line":189,"column":10},"skip":true},"51":{"start":{"line":187,"column":12},"end":{"line":187,"column":94},"skip":true},"52":{"start":{"line":188,"column":12},"end":{"line":188,"column":48},"skip":true},"53":{"start":{"line":192,"column":8},"end":{"line":192,"column":35},"skip":true},"54":{"start":{"line":193,"column":8},"end":{"line":193,"column":14},"skip":true}},"branchMap":{"1":{"line":25,"type":"binary-expr","locations":[{"start":{"line":25,"column":23},"end":{"line":25,"column":62}},{"start":{"line":26,"column":20},"end":{"line":26,"column":70}},{"start":{"line":27,"column":20},"end":{"line":27,"column":71}},{"start":{"line":28,"column":20},"end":{"line":28,"column":29}}]},"2":{"line":30,"type":"binary-expr","locations":[{"start":{"line":30,"column":23},"end":{"line":30,"column":37}},{"start":{"line":31,"column":20},"end":{"line":31,"column":61}},{"start":{"line":32,"column":20},"end":{"line":32,"column":70}},{"start":{"line":33,"column":20},"end":{"line":33,"column":26}}]},"3":{"line":37,"type":"cond-expr","locations":[{"start":{"line":38,"column":14},"end":{"line":38,"column":20}},{"start":{"line":39,"column":14},"end":{"line":39,"column":20}}]},"4":{"line":40,"type":"switch","locations":[{"start":{"line":42,"column":8},"end":{"line":47,"column":18}},{"start":{"line":49,"column":8},"end":{"line":52,"column":18}}]},"5":{"line":44,"type":"binary-expr","locations":[{"start":{"line":44,"column":16},"end":{"line":44,"column":44}},{"start":{"line":44,"column":48},"end":{"line":44,"column":66}}]},"6":{"line":50,"type":"binary-expr","locations":[{"start":{"line":50,"column":21},"end":{"line":50,"column":49}},{"start":{"line":50,"column":53},"end":{"line":50,"column":72}}]},"7":{"line":64,"type":"switch","locations":[{"start":{"line":69,"column":4},"end":{"line":70,"column":14}},{"start":{"line":75,"column":4},"end":{"line":76,"column":14}}]},"8":{"line":85,"type":"switch","locations":[{"start":{"line":90,"column":4},"end":{"line":105,"column":14}},{"start":{"line":111,"column":4},"end":{"line":193,"column":14},"skip":true}]},"9":{"line":91,"type":"binary-expr","locations":[{"start":{"line":91,"column":42},"end":{"line":91,"column":73}},{"start":{"line":91,"column":77},"end":{"line":99,"column":9}}]},"10":{"line":102,"type":"binary-expr","locations":[{"start":{"line":102,"column":18},"end":{"line":102,"column":32}},{"start":{"line":103,"column":12},"end":{"line":103,"column":53}},{"start":{"line":104,"column":12},"end":{"line":104,"column":61}}]},"11":{"line":112,"type":"binary-expr","locations":[{"start":{"line":112,"column":45},"end":{"line":112,"column":79},"skip":true},{"start":{"line":112,"column":83},"end":{"line":121,"column":9},"skip":true}]},"12":{"line":123,"type":"binary-expr","locations":[{"start":{"line":123,"column":42},"end":{"line":123,"column":73},"skip":true},{"start":{"line":123,"column":77},"end":{"line":136,"column":9},"skip":true}]},"13":{"line":138,"type":"binary-expr","locations":[{"start":{"line":138,"column":48},"end":{"line":138,"column":85},"skip":true},{"start":{"line":139,"column":12},"end":{"line":145,"column":13},"skip":true}]},"14":{"line":147,"type":"binary-expr","locations":[{"start":{"line":147,"column":42},"end":{"line":147,"column":73},"skip":true},{"start":{"line":147,"column":77},"end":{"line":156,"column":9},"skip":true}]},"15":{"line":158,"type":"binary-expr","locations":[{"start":{"line":158,"column":45},"end":{"line":158,"column":79},"skip":true},{"start":{"line":158,"column":83},"end":{"line":167,"column":9},"skip":true}]},"16":{"line":169,"type":"binary-expr","locations":[{"start":{"line":169,"column":43},"end":{"line":169,"column":75},"skip":true},{"start":{"line":169,"column":79},"end":{"line":178,"column":9},"skip":true}]},"17":{"line":180,"type":"binary-expr","locations":[{"start":{"line":180,"column":41},"end":{"line":180,"column":71},"skip":true},{"start":{"line":180,"column":75},"end":{"line":189,"column":9},"skip":true}]}},"code":["/* istanbul instrument in package npmtest_webflight */","/*jslint","    bitwise: true,","    browser: true,","    maxerr: 8,","    maxlen: 96,","    node: true,","    nomen: true,","    regexp: true,","    stupid: true","*/","(function () {","    'use strict';","    var local;","","","","    // run shared js-env code - pre-init","    (function () {","        // init local","        local = {};","        // init modeJs","        local.modeJs = (function () {","            try {","                return typeof navigator.userAgent === 'string' &&","                    typeof document.querySelector('body') === 'object' &&","                    typeof XMLHttpRequest.prototype.open === 'function' &&","                    'browser';","            } catch (errorCaughtBrowser) {","                return module.exports &&","                    typeof process.versions.node === 'string' &&","                    typeof require('http').createServer === 'function' &&","                    'node';","            }","        }());","        // init global","        local.global = local.modeJs === 'browser'","            ? window","            : global;","        switch (local.modeJs) {","        // re-init local from window.local","        case 'browser':","            local = local.global.utility2.objectSetDefault(","                local.global.utility2_rollup || local.global.local,","                local.global.utility2","            );","            break;","        // re-init local from example.js","        case 'node':","            local = (local.global.utility2_rollup || require('utility2'))","                .requireExampleJsFromReadme();","            break;","        }","        // export local","        local.global.local = local;","    }());","","","","    // run shared js-env code - function","    (function () {","        return;","    }());","    switch (local.modeJs) {","","","","    // run browser js-env code - function","    case 'browser':","        break;","","","","    // run node js-env code - function","    case 'node':","        break;","    }","","","","    // run shared js-env code - post-init","    (function () {","        return;","    }());","    switch (local.modeJs) {","","","","    // run browser js-env code - post-init","    case 'browser':","        local.testCase_browser_nullCase = local.testCase_browser_nullCase || function (","            options,","            onError","        ) {","        /*","         * this function will test browsers's null-case handling-behavior-behavior","         */","            onError(null, options);","        };","","        // run tests","        local.nop(local.modeTest &&","            document.querySelector('#testRunButton1') &&","            document.querySelector('#testRunButton1').click());","        break;","","","","    // run node js-env code - post-init","    /* istanbul ignore next */","    case 'node':","        local.testCase_buildApidoc_default = local.testCase_buildApidoc_default || function (","            options,","            onError","        ) {","        /*","         * this function will test buildApidoc's default handling-behavior-behavior","         */","            options = { modulePathList: module.paths };","            local.buildApidoc(options, onError);","        };","","        local.testCase_buildApp_default = local.testCase_buildApp_default || function (","            options,","            onError","        ) {","        /*","         * this function will test buildApp's default handling-behavior-behavior","         */","            local.testCase_buildReadme_default(options, local.onErrorThrow);","            local.testCase_buildLib_default(options, local.onErrorThrow);","            local.testCase_buildTest_default(options, local.onErrorThrow);","            local.testCase_buildCustomOrg_default(options, local.onErrorThrow);","            options = [];","            local.buildApp(options, onError);","        };","","        local.testCase_buildCustomOrg_default = local.testCase_buildCustomOrg_default ||","            function (options, onError) {","            /*","             * this function will test buildCustomOrg's default handling-behavior","             */","                options = {};","                local.buildCustomOrg(options, onError);","            };","","        local.testCase_buildLib_default = local.testCase_buildLib_default || function (","            options,","            onError","        ) {","        /*","         * this function will test buildLib's default handling-behavior","         */","            options = {};","            local.buildLib(options, onError);","        };","","        local.testCase_buildReadme_default = local.testCase_buildReadme_default || function (","            options,","            onError","        ) {","        /*","         * this function will test buildReadme's default handling-behavior-behavior","         */","            options = {};","            local.buildReadme(options, onError);","        };","","        local.testCase_buildTest_default = local.testCase_buildTest_default || function (","            options,","            onError","        ) {","        /*","         * this function will test buildTest's default handling-behavior","         */","            options = {};","            local.buildTest(options, onError);","        };","","        local.testCase_webpage_default = local.testCase_webpage_default || function (","            options,","            onError","        ) {","        /*","         * this function will test webpage's default handling-behavior","         */","            options = { modeCoverageMerge: true, url: local.serverLocalHost + '?modeTest=1' };","            local.browserTest(options, onError);","        };","","        // run test-server","        local.testRunServer(local);","        break;","    }","}());",""],"l":{"12":2,"14":2,"19":2,"21":2,"23":2,"24":2,"25":2,"30":1,"37":2,"40":2,"43":1,"47":1,"50":1,"52":1,"55":2,"61":2,"62":2,"64":2,"70":1,"76":1,"82":2,"83":2,"85":2,"91":1,"98":1,"102":1,"105":1,"112":1,"119":1,"120":1,"123":1,"130":1,"131":1,"132":1,"133":1,"134":1,"135":1,"138":1,"143":2,"144":2,"147":1,"154":2,"155":2,"158":1,"165":2,"166":2,"169":1,"176":2,"177":2,"180":1,"187":1,"188":1,"192":1,"193":1}},"/home/travis/build/npmtest/node-npmtest-webflight/lib.npmtest_webflight.js":{"path":"/home/travis/build/npmtest/node-npmtest-webflight/lib.npmtest_webflight.js","s":{"1":2,"2":2,"3":2,"4":2,"5":2,"6":2,"7":2,"8":1,"9":2,"10":2,"11":2,"12":2,"13":1,"14":1,"15":1,"16":1},"b":{"1":[2,1,1,1],"2":[1,1,1,1],"3":[1,1],"4":[2,2],"5":[1,1]},"f":{"1":2,"2":2,"3":2},"fnMap":{"1":{"name":"(anonymous_1)","line":12,"loc":{"start":{"line":12,"column":1},"end":{"line":12,"column":13}}},"2":{"name":"(anonymous_2)","line":19,"loc":{"start":{"line":19,"column":5},"end":{"line":19,"column":17}}},"3":{"name":"(anonymous_3)","line":23,"loc":{"start":{"line":23,"column":24},"end":{"line":23,"column":36}}}},"statementMap":{"1":{"start":{"line":12,"column":0},"end":{"line":53,"column":5}},"2":{"start":{"line":14,"column":4},"end":{"line":14,"column":14}},"3":{"start":{"line":19,"column":4},"end":{"line":52,"column":9}},"4":{"start":{"line":21,"column":8},"end":{"line":21,"column":19}},"5":{"start":{"line":23,"column":8},"end":{"line":35,"column":13}},"6":{"start":{"line":24,"column":12},"end":{"line":34,"column":13}},"7":{"start":{"line":25,"column":16},"end":{"line":28,"column":30}},"8":{"start":{"line":30,"column":16},"end":{"line":33,"column":27}},"9":{"start":{"line":37,"column":8},"end":{"line":39,"column":21}},"10":{"start":{"line":41,"column":8},"end":{"line":41,"column":54}},"11":{"start":{"line":43,"column":8},"end":{"line":43,"column":54}},"12":{"start":{"line":45,"column":8},"end":{"line":51,"column":9}},"13":{"start":{"line":46,"column":12},"end":{"line":46,"column":60}},"14":{"start":{"line":48,"column":12},"end":{"line":48,"column":35}},"15":{"start":{"line":49,"column":12},"end":{"line":49,"column":49}},"16":{"start":{"line":50,"column":12},"end":{"line":50,"column":43}}},"branchMap":{"1":{"line":25,"type":"binary-expr","locations":[{"start":{"line":25,"column":23},"end":{"line":25,"column":62}},{"start":{"line":26,"column":20},"end":{"line":26,"column":70}},{"start":{"line":27,"column":20},"end":{"line":27,"column":71}},{"start":{"line":28,"column":20},"end":{"line":28,"column":29}}]},"2":{"line":30,"type":"binary-expr","locations":[{"start":{"line":30,"column":23},"end":{"line":30,"column":37}},{"start":{"line":31,"column":20},"end":{"line":31,"column":61}},{"start":{"line":32,"column":20},"end":{"line":32,"column":70}},{"start":{"line":33,"column":20},"end":{"line":33,"column":26}}]},"3":{"line":37,"type":"cond-expr","locations":[{"start":{"line":38,"column":14},"end":{"line":38,"column":20}},{"start":{"line":39,"column":14},"end":{"line":39,"column":20}}]},"4":{"line":41,"type":"binary-expr","locations":[{"start":{"line":41,"column":16},"end":{"line":41,"column":44}},{"start":{"line":41,"column":48},"end":{"line":41,"column":53}}]},"5":{"line":45,"type":"if","locations":[{"start":{"line":45,"column":8},"end":{"line":45,"column":8}},{"start":{"line":45,"column":8},"end":{"line":45,"column":8}}]}},"code":["/* istanbul instrument in package npmtest_webflight */","/*jslint","    bitwise: true,","    browser: true,","    maxerr: 8,","    maxlen: 96,","    node: true,","    nomen: true,","    regexp: true,","    stupid: true","*/","(function () {","    'use strict';","    var local;","","","","    // run shared js-env code - pre-init","    (function () {","        // init local","        local = {};","        // init modeJs","        local.modeJs = (function () {","            try {","                return typeof navigator.userAgent === 'string' &&","                    typeof document.querySelector('body') === 'object' &&","                    typeof XMLHttpRequest.prototype.open === 'function' &&","                    'browser';","            } catch (errorCaughtBrowser) {","                return module.exports &&","                    typeof process.versions.node === 'string' &&","                    typeof require('http').createServer === 'function' &&","                    'node';","            }","        }());","        // init global","        local.global = local.modeJs === 'browser'","            ? window","            : global;","        // init utility2_rollup","        local = local.global.utility2_rollup || local;","        // init lib","        local.local = local.npmtest_webflight = local;","        // init exports","        if (local.modeJs === 'browser') {","            local.global.utility2_npmtest_webflight = local;","        } else {","            module.exports = local;","            module.exports.__dirname = __dirname;","            module.exports.module = module;","        }","    }());","}());",""],"l":{"12":2,"14":2,"19":2,"21":2,"23":2,"24":2,"25":2,"30":1,"37":2,"41":2,"43":2,"45":2,"46":1,"48":1,"49":1,"50":1}},"/home/travis/build/npmtest/node-npmtest-webflight/example.js":{"path":"/home/travis/build/npmtest/node-npmtest-webflight/example.js","s":{"1":2,"2":2,"3":2,"4":2,"5":2,"6":2,"7":2,"8":1,"9":2,"10":2,"11":2,"12":2,"13":1,"14":2,"15":2,"16":2,"17":2,"18":2,"19":0,"20":2,"21":1,"22":1,"23":1,"24":1,"25":1,"26":0,"27":0,"28":1,"29":1,"30":2,"31":0,"32":0,"33":0,"34":1,"35":2,"36":2,"37":3,"38":3,"39":3,"40":3,"41":0,"42":3,"43":3,"44":3,"45":1,"46":3,"47":1,"48":1,"49":1,"50":1,"51":1,"52":1,"53":1,"54":1,"55":1,"56":1,"57":0,"58":1,"59":6,"60":6,"61":1,"62":2,"63":0,"64":2,"65":1,"66":1,"67":0,"68":0,"69":0,"70":0,"71":0,"72":0,"73":0,"74":0,"75":0,"76":0,"77":0,"78":0,"79":0,"80":0,"81":0,"82":0,"83":0},"b":{"1":[2,1,1,1],"2":[1,1,1,1],"3":[1,1],"4":[2,2],"5":[1,1],"6":[1,1],"7":[2,0],"8":[2,1,1,1,1,1],"9":[0,2,0],"10":[1,1],"11":[2,1,1],"12":[1,0],"13":[0,2],"14":[2,0,0,0,0,0,0],"15":[0,3],"16":[3,0],"17":[1,1],"18":[0,1],"19":[1,2,0,2],"20":[1,0],"21":[1,1],"22":[0,0],"23":[0,0],"24":[0,0],"25":[0,0],"26":[0,0],"27":[0,0],"28":[0,0]},"f":{"1":2,"2":2,"3":2,"4":2,"5":2,"6":2,"7":3,"8":3,"9":3,"10":1,"11":6,"12":0},"fnMap":{"1":{"name":"(anonymous_1)","line":26,"loc":{"start":{"line":26,"column":1},"end":{"line":26,"column":13}}},"2":{"name":"(anonymous_2)","line":33,"loc":{"start":{"line":33,"column":5},"end":{"line":33,"column":17}}},"3":{"name":"(anonymous_3)","line":37,"loc":{"start":{"line":37,"column":24},"end":{"line":37,"column":36}}},"4":{"name":"(anonymous_4)","line":69,"loc":{"start":{"line":69,"column":31},"end":{"line":69,"column":48}},"skip":true},"5":{"name":"(anonymous_5)","line":78,"loc":{"start":{"line":78,"column":26},"end":{"line":78,"column":45}},"skip":true},"6":{"name":"(anonymous_6)","line":123,"loc":{"start":{"line":123,"column":33},"end":{"line":123,"column":48}},"skip":true},"7":{"name":"(anonymous_7)","line":125,"loc":{"start":{"line":125,"column":27},"end":{"line":125,"column":39}},"skip":true},"8":{"name":"(anonymous_8)","line":133,"loc":{"start":{"line":133,"column":59},"end":{"line":133,"column":74}},"skip":true},"9":{"name":"(anonymous_9)","line":143,"loc":{"start":{"line":143,"column":45},"end":{"line":143,"column":62}},"skip":true},"10":{"name":"(anonymous_10)","line":144,"loc":{"start":{"line":144,"column":73},"end":{"line":144,"column":92}},"skip":true},"11":{"name":"(anonymous_11)","line":272,"loc":{"start":{"line":272,"column":51},"end":{"line":272,"column":77}},"skip":true},"12":{"name":"(anonymous_12)","line":315,"loc":{"start":{"line":315,"column":32},"end":{"line":315,"column":61}},"skip":true}},"statementMap":{"1":{"start":{"line":26,"column":0},"end":{"line":326,"column":5}},"2":{"start":{"line":28,"column":4},"end":{"line":28,"column":14}},"3":{"start":{"line":33,"column":4},"end":{"line":60,"column":9}},"4":{"start":{"line":35,"column":8},"end":{"line":35,"column":19}},"5":{"start":{"line":37,"column":8},"end":{"line":49,"column":13}},"6":{"start":{"line":38,"column":12},"end":{"line":48,"column":13}},"7":{"start":{"line":39,"column":16},"end":{"line":42,"column":30}},"8":{"start":{"line":44,"column":16},"end":{"line":47,"column":27}},"9":{"start":{"line":51,"column":8},"end":{"line":53,"column":21}},"10":{"start":{"line":55,"column":8},"end":{"line":57,"column":45}},"11":{"start":{"line":59,"column":8},"end":{"line":59,"column":35}},"12":{"start":{"line":61,"column":4},"end":{"line":325,"column":5}},"13":{"start":{"line":69,"column":8},"end":{"line":121,"column":10},"skip":true},"14":{"start":{"line":70,"column":12},"end":{"line":88,"column":13},"skip":true},"15":{"start":{"line":76,"column":16},"end":{"line":87,"column":19},"skip":true},"16":{"start":{"line":79,"column":20},"end":{"line":86,"column":21},"skip":true},"17":{"start":{"line":82,"column":24},"end":{"line":82,"column":43},"skip":true},"18":{"start":{"line":83,"column":24},"end":{"line":83,"column":30},"skip":true},"19":{"start":{"line":85,"column":24},"end":{"line":85,"column":49},"skip":true},"20":{"start":{"line":89,"column":12},"end":{"line":107,"column":13},"skip":true},"21":{"start":{"line":92,"column":16},"end":{"line":102,"column":17},"skip":true},"22":{"start":{"line":93,"column":20},"end":{"line":93,"column":86},"skip":true},"23":{"start":{"line":94,"column":20},"end":{"line":95,"column":45},"skip":true},"24":{"start":{"line":96,"column":20},"end":{"line":96,"column":42},"skip":true},"25":{"start":{"line":97,"column":20},"end":{"line":97,"column":48},"skip":true},"26":{"start":{"line":100,"column":20},"end":{"line":100,"column":85},"skip":true},"27":{"start":{"line":101,"column":20},"end":{"line":101,"column":96},"skip":true},"28":{"start":{"line":103,"column":16},"end":{"line":103,"column":22},"skip":true},"29":{"start":{"line":106,"column":16},"end":{"line":106,"column":22},"skip":true},"30":{"start":{"line":108,"column":12},"end":{"line":120,"column":13},"skip":true},"31":{"start":{"line":114,"column":16},"end":{"line":119,"column":17},"skip":true},"32":{"start":{"line":116,"column":20},"end":{"line":116,"column":78},"skip":true},"33":{"start":{"line":118,"column":20},"end":{"line":118,"column":47},"skip":true},"34":{"start":{"line":123,"column":8},"end":{"line":141,"column":11},"skip":true},"35":{"start":{"line":124,"column":12},"end":{"line":124,"column":54},"skip":true},"36":{"start":{"line":125,"column":12},"end":{"line":140,"column":14},"skip":true},"37":{"start":{"line":126,"column":16},"end":{"line":126,"column":28},"skip":true},"38":{"start":{"line":127,"column":16},"end":{"line":127,"column":69},"skip":true},"39":{"start":{"line":128,"column":16},"end":{"line":128,"column":75},"skip":true},"40":{"start":{"line":129,"column":16},"end":{"line":131,"column":17},"skip":true},"41":{"start":{"line":130,"column":20},"end":{"line":130,"column":27},"skip":true},"42":{"start":{"line":133,"column":16},"end":{"line":137,"column":36},"skip":true},"43":{"start":{"line":134,"column":20},"end":{"line":136,"column":55},"skip":true},"44":{"start":{"line":139,"column":16},"end":{"line":139,"column":57},"skip":true},"45":{"start":{"line":143,"column":8},"end":{"line":147,"column":11},"skip":true},"46":{"start":{"line":144,"column":12},"end":{"line":146,"column":15},"skip":true},"47":{"start":{"line":145,"column":16},"end":{"line":145,"column":70},"skip":true},"48":{"start":{"line":149,"column":8},"end":{"line":149,"column":31},"skip":true},"49":{"start":{"line":150,"column":8},"end":{"line":150,"column":14},"skip":true},"50":{"start":{"line":158,"column":8},"end":{"line":158,"column":31},"skip":true},"51":{"start":{"line":160,"column":8},"end":{"line":160,"column":33},"skip":true},"52":{"start":{"line":161,"column":8},"end":{"line":161,"column":37},"skip":true},"53":{"start":{"line":162,"column":8},"end":{"line":162,"column":35},"skip":true},"54":{"start":{"line":164,"column":8},"end":{"line":164,"column":50},"skip":true},"55":{"start":{"line":166,"column":8},"end":{"line":256,"column":2},"skip":true},"56":{"start":{"line":258,"column":8},"end":{"line":286,"column":9},"skip":true},"57":{"start":{"line":259,"column":12},"end":{"line":269,"column":14},"skip":true},"58":{"start":{"line":271,"column":12},"end":{"line":285,"column":19},"skip":true},"59":{"start":{"line":274,"column":20},"end":{"line":274,"column":35},"skip":true},"60":{"start":{"line":275,"column":20},"end":{"line":284,"column":21},"skip":true},"61":{"start":{"line":277,"column":24},"end":{"line":277,"column":64},"skip":true},"62":{"start":{"line":279,"column":24},"end":{"line":279,"column":40},"skip":true},"63":{"start":{"line":281,"column":24},"end":{"line":281,"column":40},"skip":true},"64":{"start":{"line":283,"column":24},"end":{"line":283,"column":39},"skip":true},"65":{"start":{"line":288,"column":8},"end":{"line":290,"column":9},"skip":true},"66":{"start":{"line":289,"column":12},"end":{"line":289,"column":18},"skip":true},"67":{"start":{"line":291,"column":8},"end":{"line":293,"column":54},"skip":true},"68":{"start":{"line":296,"column":8},"end":{"line":301,"column":37},"skip":true},"69":{"start":{"line":303,"column":8},"end":{"line":303,"column":82},"skip":true},"70":{"start":{"line":306,"column":8},"end":{"line":308,"column":9},"skip":true},"71":{"start":{"line":307,"column":12},"end":{"line":307,"column":82},"skip":true},"72":{"start":{"line":310,"column":8},"end":{"line":312,"column":9},"skip":true},"73":{"start":{"line":311,"column":12},"end":{"line":311,"column":18},"skip":true},"74":{"start":{"line":313,"column":8},"end":{"line":313,"column":54},"skip":true},"75":{"start":{"line":314,"column":8},"end":{"line":314,"column":69},"skip":true},"76":{"start":{"line":315,"column":8},"end":{"line":323,"column":36},"skip":true},"77":{"start":{"line":316,"column":12},"end":{"line":316,"column":61},"skip":true},"78":{"start":{"line":317,"column":12},"end":{"line":320,"column":13},"skip":true},"79":{"start":{"line":318,"column":16},"end":{"line":318,"column":75},"skip":true},"80":{"start":{"line":319,"column":16},"end":{"line":319,"column":23},"skip":true},"81":{"start":{"line":321,"column":12},"end":{"line":321,"column":38},"skip":true},"82":{"start":{"line":322,"column":12},"end":{"line":322,"column":27},"skip":true},"83":{"start":{"line":324,"column":8},"end":{"line":324,"column":14},"skip":true}},"branchMap":{"1":{"line":39,"type":"binary-expr","locations":[{"start":{"line":39,"column":23},"end":{"line":39,"column":62}},{"start":{"line":40,"column":20},"end":{"line":40,"column":70}},{"start":{"line":41,"column":20},"end":{"line":41,"column":71}},{"start":{"line":42,"column":20},"end":{"line":42,"column":29}}]},"2":{"line":44,"type":"binary-expr","locations":[{"start":{"line":44,"column":23},"end":{"line":44,"column":37}},{"start":{"line":45,"column":20},"end":{"line":45,"column":61}},{"start":{"line":46,"column":20},"end":{"line":46,"column":70}},{"start":{"line":47,"column":20},"end":{"line":47,"column":26}}]},"3":{"line":51,"type":"cond-expr","locations":[{"start":{"line":52,"column":14},"end":{"line":52,"column":20}},{"start":{"line":53,"column":14},"end":{"line":53,"column":20}}]},"4":{"line":55,"type":"binary-expr","locations":[{"start":{"line":55,"column":16},"end":{"line":55,"column":44}},{"start":{"line":55,"column":49},"end":{"line":57,"column":43}}]},"5":{"line":55,"type":"cond-expr","locations":[{"start":{"line":56,"column":14},"end":{"line":56,"column":53}},{"start":{"line":57,"column":14},"end":{"line":57,"column":43}}]},"6":{"line":61,"type":"switch","locations":[{"start":{"line":68,"column":4},"end":{"line":150,"column":14},"skip":true},{"start":{"line":156,"column":4},"end":{"line":324,"column":14},"skip":true}]},"7":{"line":70,"type":"if","locations":[{"start":{"line":70,"column":12},"end":{"line":70,"column":12},"skip":true},{"start":{"line":70,"column":12},"end":{"line":70,"column":12},"skip":true}]},"8":{"line":70,"type":"binary-expr","locations":[{"start":{"line":70,"column":16},"end":{"line":70,"column":22},"skip":true},{"start":{"line":70,"column":27},"end":{"line":70,"column":32},"skip":true},{"start":{"line":71,"column":20},"end":{"line":71,"column":39},"skip":true},{"start":{"line":72,"column":20},"end":{"line":72,"column":49},"skip":true},{"start":{"line":73,"column":20},"end":{"line":73,"column":58},"skip":true},{"start":{"line":74,"column":20},"end":{"line":74,"column":69},"skip":true}]},"9":{"line":79,"type":"switch","locations":[{"start":{"line":80,"column":20},"end":{"line":80,"column":33},"skip":true},{"start":{"line":81,"column":20},"end":{"line":83,"column":30},"skip":true},{"start":{"line":84,"column":20},"end":{"line":85,"column":49},"skip":true}]},"10":{"line":89,"type":"switch","locations":[{"start":{"line":90,"column":12},"end":{"line":103,"column":22},"skip":true},{"start":{"line":105,"column":12},"end":{"line":106,"column":22},"skip":true}]},"11":{"line":89,"type":"binary-expr","locations":[{"start":{"line":89,"column":20},"end":{"line":89,"column":25},"skip":true},{"start":{"line":89,"column":29},"end":{"line":89,"column":48},"skip":true},{"start":{"line":89,"column":52},"end":{"line":89,"column":74},"skip":true}]},"12":{"line":92,"type":"if","locations":[{"start":{"line":92,"column":16},"end":{"line":92,"column":16},"skip":true},{"start":{"line":92,"column":16},"end":{"line":92,"column":16},"skip":true}]},"13":{"line":108,"type":"if","locations":[{"start":{"line":108,"column":12},"end":{"line":108,"column":12},"skip":true},{"start":{"line":108,"column":12},"end":{"line":108,"column":12},"skip":true}]},"14":{"line":108,"type":"binary-expr","locations":[{"start":{"line":108,"column":16},"end":{"line":108,"column":61},"skip":true},{"start":{"line":108,"column":66},"end":{"line":108,"column":72},"skip":true},{"start":{"line":108,"column":77},"end":{"line":108,"column":82},"skip":true},{"start":{"line":109,"column":20},"end":{"line":109,"column":39},"skip":true},{"start":{"line":110,"column":20},"end":{"line":110,"column":49},"skip":true},{"start":{"line":111,"column":20},"end":{"line":111,"column":58},"skip":true},{"start":{"line":112,"column":20},"end":{"line":112,"column":68},"skip":true}]},"15":{"line":129,"type":"if","locations":[{"start":{"line":129,"column":16},"end":{"line":129,"column":16},"skip":true},{"start":{"line":129,"column":16},"end":{"line":129,"column":16},"skip":true}]},"16":{"line":134,"type":"cond-expr","locations":[{"start":{"line":135,"column":26},"end":{"line":135,"column":29},"skip":true},{"start":{"line":136,"column":26},"end":{"line":136,"column":54},"skip":true}]},"17":{"line":164,"type":"binary-expr","locations":[{"start":{"line":164,"column":27},"end":{"line":164,"column":43},"skip":true},{"start":{"line":164,"column":47},"end":{"line":164,"column":49},"skip":true}]},"18":{"line":258,"type":"if","locations":[{"start":{"line":258,"column":8},"end":{"line":258,"column":8},"skip":true},{"start":{"line":258,"column":8},"end":{"line":258,"column":8},"skip":true}]},"19":{"line":275,"type":"switch","locations":[{"start":{"line":276,"column":20},"end":{"line":277,"column":64},"skip":true},{"start":{"line":278,"column":20},"end":{"line":279,"column":40},"skip":true},{"start":{"line":280,"column":20},"end":{"line":281,"column":40},"skip":true},{"start":{"line":282,"column":20},"end":{"line":283,"column":39},"skip":true}]},"20":{"line":288,"type":"if","locations":[{"start":{"line":288,"column":8},"end":{"line":288,"column":8},"skip":true},{"start":{"line":288,"column":8},"end":{"line":288,"column":8},"skip":true}]},"21":{"line":288,"type":"binary-expr","locations":[{"start":{"line":288,"column":12},"end":{"line":288,"column":40},"skip":true},{"start":{"line":288,"column":44},"end":{"line":288,"column":67},"skip":true}]},"22":{"line":292,"type":"binary-expr","locations":[{"start":{"line":292,"column":12},"end":{"line":292,"column":50},"skip":true},{"start":{"line":293,"column":12},"end":{"line":293,"column":53},"skip":true}]},"23":{"line":297,"type":"binary-expr","locations":[{"start":{"line":297,"column":12},"end":{"line":297,"column":67},"skip":true},{"start":{"line":298,"column":12},"end":{"line":301,"column":36},"skip":true}]},"24":{"line":303,"type":"binary-expr","locations":[{"start":{"line":303,"column":43},"end":{"line":303,"column":75},"skip":true},{"start":{"line":303,"column":79},"end":{"line":303,"column":81},"skip":true}]},"25":{"line":306,"type":"if","locations":[{"start":{"line":306,"column":8},"end":{"line":306,"column":8},"skip":true},{"start":{"line":306,"column":8},"end":{"line":306,"column":8},"skip":true}]},"26":{"line":310,"type":"if","locations":[{"start":{"line":310,"column":8},"end":{"line":310,"column":8},"skip":true},{"start":{"line":310,"column":8},"end":{"line":310,"column":8},"skip":true}]},"27":{"line":313,"type":"binary-expr","locations":[{"start":{"line":313,"column":27},"end":{"line":313,"column":43},"skip":true},{"start":{"line":313,"column":47},"end":{"line":313,"column":53},"skip":true}]},"28":{"line":317,"type":"if","locations":[{"start":{"line":317,"column":12},"end":{"line":317,"column":12},"skip":true},{"start":{"line":317,"column":12},"end":{"line":317,"column":12},"skip":true}]}},"code":["/*","example.js","","quickstart example","","instruction","    1. save this script as example.js","    2. run the shell command:","        $ npm install npmtest-webflight && PORT=8081 node example.js","    3. play with the browser-demo on http://127.0.0.1:8081","*/","","","","/* istanbul instrument in package npmtest_webflight */","/*jslint","    bitwise: true,","    browser: true,","    maxerr: 8,","    maxlen: 96,","    node: true,","    nomen: true,","    regexp: true,","    stupid: true","*/","(function () {","    'use strict';","    var local;","","","","    // run shared js-env code - pre-init","    (function () {","        // init local","        local = {};","        // init modeJs","        local.modeJs = (function () {","            try {","                return typeof navigator.userAgent === 'string' &&","                    typeof document.querySelector('body') === 'object' &&","                    typeof XMLHttpRequest.prototype.open === 'function' &&","                    'browser';","            } catch (errorCaughtBrowser) {","                return module.exports &&","                    typeof process.versions.node === 'string' &&","                    typeof require('http').createServer === 'function' &&","                    'node';","            }","        }());","        // init global","        local.global = local.modeJs === 'browser'","            ? window","            : global;","        // init utility2_rollup","        local = local.global.utility2_rollup || (local.modeJs === 'browser'","            ? local.global.utility2_npmtest_webflight","            : global.utility2_moduleExports);","        // export local","        local.global.local = local;","    }());","    switch (local.modeJs) {","","","","    // post-init","    // run browser js-env code - post-init","    /* istanbul ignore next */","    case 'browser':","        local.testRunBrowser = function (event) {","            if (!event || (event &&","                    event.currentTarget &&","                    event.currentTarget.className &&","                    event.currentTarget.className.includes &&","                    event.currentTarget.className.includes('onreset'))) {","                // reset output","                Array.from(","                    document.querySelectorAll('body > .resettable')","                ).forEach(function (element) {","                    switch (element.tagName) {","                    case 'INPUT':","                    case 'TEXTAREA':","                        element.value = '';","                        break;","                    default:","                        element.textContent = '';","                    }","                });","            }","            switch (event && event.currentTarget && event.currentTarget.id) {","            case 'testRunButton1':","                // show tests","                if (document.querySelector('#testReportDiv1').style.display === 'none') {","                    document.querySelector('#testReportDiv1').style.display = 'block';","                    document.querySelector('#testRunButton1').textContent =","                        'hide internal test';","                    local.modeTest = true;","                    local.testRunDefault(local);","                // hide tests","                } else {","                    document.querySelector('#testReportDiv1').style.display = 'none';","                    document.querySelector('#testRunButton1').textContent = 'run internal test';","                }","                break;","            // custom-case","            default:","                break;","            }","            if (document.querySelector('#inputTextareaEval1') && (!event || (event &&","                    event.currentTarget &&","                    event.currentTarget.className &&","                    event.currentTarget.className.includes &&","                    event.currentTarget.className.includes('oneval')))) {","                // try to eval input-code","                try {","                    /*jslint evil: true*/","                    eval(document.querySelector('#inputTextareaEval1').value);","                } catch (errorCaught) {","                    console.error(errorCaught);","                }","            }","        };","        // log stderr and stdout to #outputTextareaStdout1","        ['error', 'log'].forEach(function (key) {","            console[key + '_original'] = console[key];","            console[key] = function () {","                var element;","                console[key + '_original'].apply(console, arguments);","                element = document.querySelector('#outputTextareaStdout1');","                if (!element) {","                    return;","                }","                // append text to #outputTextareaStdout1","                element.value += Array.from(arguments).map(function (arg) {","                    return typeof arg === 'string'","                        ? arg","                        : JSON.stringify(arg, null, 4);","                }).join(' ') + '\\n';","                // scroll textarea to bottom","                element.scrollTop = element.scrollHeight;","            };","        });","        // init event-handling","        ['change', 'click', 'keyup'].forEach(function (event) {","            Array.from(document.querySelectorAll('.on' + event)).forEach(function (element) {","                element.addEventListener(event, local.testRunBrowser);","            });","        });","        // run tests","        local.testRunBrowser();","        break;","","","","    // run node js-env code - post-init","    /* istanbul ignore next */","    case 'node':","        // export local","        module.exports = local;","        // require modules","        local.fs = require('fs');","        local.http = require('http');","        local.url = require('url');","        // init assets","        local.assetsDict = local.assetsDict || {};","        /* jslint-ignore-begin */","        local.assetsDict['/assets.index.template.html'] = '\\","<!doctype html>\\n\\","<html lang=\"en\">\\n\\","<head>\\n\\","<meta charset=\"UTF-8\">\\n\\","<meta name=\"viewport\" content=\"width=device-width, initial-scale=1\">\\n\\","<title>{{env.npm_package_name}} (v{{env.npm_package_version}})</title>\\n\\","<style>\\n\\","/*csslint\\n\\","    box-sizing: false,\\n\\","    universal-selector: false\\n\\","*/\\n\\","* {\\n\\","    box-sizing: border-box;\\n\\","}\\n\\","body {\\n\\","    background: #dde;\\n\\","    font-family: Arial, Helvetica, sans-serif;\\n\\","    margin: 2rem;\\n\\","}\\n\\","body > * {\\n\\","    margin-bottom: 1rem;\\n\\","}\\n\\",".utility2FooterDiv {\\n\\","    margin-top: 20px;\\n\\","    text-align: center;\\n\\","}\\n\\","</style>\\n\\","<style>\\n\\","/*csslint\\n\\","*/\\n\\","textarea {\\n\\","    font-family: monospace;\\n\\","    height: 10rem;\\n\\","    width: 100%;\\n\\","}\\n\\","textarea[readonly] {\\n\\","    background: #ddd;\\n\\","}\\n\\","</style>\\n\\","</head>\\n\\","<body>\\n\\","<!-- utility2-comment\\n\\","<div id=\"ajaxProgressDiv1\" style=\"background: #d00; height: 2px; left: 0; margin: 0; padding: 0; position: fixed; top: 0; transition: background 0.5s, width 1.5s; width: 25%;\"></div>\\n\\","utility2-comment -->\\n\\","<h1>\\n\\","<!-- utility2-comment\\n\\","    <a\\n\\","        {{#if env.npm_package_homepage}}\\n\\","        href=\"{{env.npm_package_homepage}}\"\\n\\","        {{/if env.npm_package_homepage}}\\n\\","        target=\"_blank\"\\n\\","    >\\n\\","utility2-comment -->\\n\\","        {{env.npm_package_name}} (v{{env.npm_package_version}})\\n\\","<!-- utility2-comment\\n\\","    </a>\\n\\","utility2-comment -->\\n\\","</h1>\\n\\","<h3>{{env.npm_package_description}}</h3>\\n\\","<!-- utility2-comment\\n\\","<h4><a download href=\"assets.app.js\">download standalone app</a></h4>\\n\\","<button class=\"onclick onreset\" id=\"testRunButton1\">run internal test</button><br>\\n\\","<div id=\"testReportDiv1\" style=\"display: none;\"></div>\\n\\","utility2-comment -->\\n\\","\\n\\","\\n\\","\\n\\","<label>stderr and stdout</label>\\n\\","<textarea class=\"resettable\" id=\"outputTextareaStdout1\" readonly></textarea>\\n\\","<!-- utility2-comment\\n\\","{{#if isRollup}}\\n\\","<script src=\"assets.app.js\"></script>\\n\\","{{#unless isRollup}}\\n\\","utility2-comment -->\\n\\","<script src=\"assets.utility2.rollup.js\"></script>\\n\\","<script src=\"jsonp.utility2._stateInit?callback=window.utility2._stateInit\"></script>\\n\\","<script src=\"assets.npmtest_webflight.rollup.js\"></script>\\n\\","<script src=\"assets.example.js\"></script>\\n\\","<script src=\"assets.test.js\"></script>\\n\\","<!-- utility2-comment\\n\\","{{/if isRollup}}\\n\\","utility2-comment -->\\n\\","<div class=\"utility2FooterDiv\">\\n\\","    [ this app was created with\\n\\","    <a href=\"https://github.com/kaizhu256/node-utility2\" target=\"_blank\">utility2</a>\\n\\","    ]\\n\\","</div>\\n\\","</body>\\n\\","</html>\\n\\","';","        /* jslint-ignore-end */","        if (local.templateRender) {","            local.assetsDict['/'] = local.templateRender(","                local.assetsDict['/assets.index.template.html'],","                {","                    env: local.objectSetDefault(local.env, {","                        npm_package_description: 'the greatest app in the world!',","                        npm_package_name: 'my-app',","                        npm_package_nameAlias: 'my_app',","                        npm_package_version: '0.0.1'","                    })","                }","            );","        } else {","            local.assetsDict['/'] = local.assetsDict['/assets.index.template.html']","                .replace((/\\{\\{env\\.(\\w+?)\\}\\}/g), function (match0, match1) {","                    // jslint-hack","                    String(match0);","                    switch (match1) {","                    case 'npm_package_description':","                        return 'the greatest app in the world!';","                    case 'npm_package_name':","                        return 'my-app';","                    case 'npm_package_nameAlias':","                        return 'my_app';","                    case 'npm_package_version':","                        return '0.0.1';","                    }","                });","        }","        // run the cli","        if (local.global.utility2_rollup || module !== require.main) {","            break;","        }","        local.assetsDict['/assets.example.js'] =","            local.assetsDict['/assets.example.js'] ||","            local.fs.readFileSync(__filename, 'utf8');","        // bug-workaround - long $npm_package_buildCustomOrg","        /* jslint-ignore-begin */","        local.assetsDict['/assets.npmtest_webflight.rollup.js'] =","            local.assetsDict['/assets.npmtest_webflight.rollup.js'] ||","            local.fs.readFileSync(","                local.npmtest_webflight.__dirname + '/lib.npmtest_webflight.js',","                'utf8'","            ).replace((/^#!/), '//');","        /* jslint-ignore-end */","        local.assetsDict['/favicon.ico'] = local.assetsDict['/favicon.ico'] || '';","        // if $npm_config_timeout_exit exists,","        // then exit this process after $npm_config_timeout_exit ms","        if (Number(process.env.npm_config_timeout_exit)) {","            setTimeout(process.exit, Number(process.env.npm_config_timeout_exit));","        }","        // start server","        if (local.global.utility2_serverHttp1) {","            break;","        }","        process.env.PORT = process.env.PORT || '8081';","        console.error('server starting on port ' + process.env.PORT);","        local.http.createServer(function (request, response) {","            request.urlParsed = local.url.parse(request.url);","            if (local.assetsDict[request.urlParsed.pathname] !== undefined) {","                response.end(local.assetsDict[request.urlParsed.pathname]);","                return;","            }","            response.statusCode = 404;","            response.end();","        }).listen(process.env.PORT);","        break;","    }","}());",""],"l":{"26":2,"28":2,"33":2,"35":2,"37":2,"38":2,"39":2,"44":1,"51":2,"55":2,"59":2,"61":2,"69":1,"70":2,"76":2,"79":2,"82":2,"83":2,"85":1,"89":2,"92":1,"93":1,"94":1,"96":1,"97":1,"100":1,"101":1,"103":1,"106":1,"108":2,"114":1,"116":1,"118":1,"123":1,"124":2,"125":2,"126":3,"127":3,"128":3,"129":3,"130":1,"133":3,"134":3,"139":3,"143":1,"144":3,"145":1,"149":1,"150":1,"158":1,"160":1,"161":1,"162":1,"164":1,"166":1,"258":1,"259":1,"271":1,"274":6,"275":6,"277":1,"279":2,"281":1,"283":2,"288":1,"289":1,"291":1,"296":1,"303":1,"306":1,"307":1,"310":1,"311":1,"313":1,"314":1,"315":1,"316":1,"317":1,"318":1,"319":1,"321":1,"322":1,"324":1}},"/home/travis/build/npmtest/node-npmtest-webflight/node_modules/webflight/index.js":{"path":"/home/travis/build/npmtest/node-npmtest-webflight/node_modules/webflight/index.js","s":{"1":1,"2":1,"3":1,"4":1,"5":1,"6":1,"7":1,"8":1,"9":1,"10":1,"11":1,"12":1,"13":1,"14":0,"15":0,"16":0,"17":0,"18":0,"19":0,"20":0,"21":0,"22":0,"23":0,"24":0,"25":0,"26":0,"27":0,"28":0,"29":0,"30":0,"31":0,"32":0,"33":0,"34":0,"35":0,"36":0,"37":0,"38":0,"39":0,"40":0,"41":0,"42":0,"43":0,"44":0,"45":0,"46":0,"47":0,"48":0,"49":0,"50":0,"51":0,"52":1,"53":0,"54":0,"55":0,"56":0,"57":0,"58":0,"59":0,"60":1,"61":0,"62":0,"63":0,"64":0,"65":1,"66":0,"67":0,"68":0,"69":0,"70":0,"71":1,"72":0,"73":0,"74":0,"75":0,"76":0,"77":0,"78":0,"79":0,"80":0,"81":0,"82":0,"83":0,"84":0,"85":0,"86":0,"87":1,"88":0,"89":0,"90":0,"91":1,"92":0,"93":1},"b":{"1":[0,0],"2":[0,0],"3":[0,0],"4":[0,0],"5":[0,0],"6":[0,0],"7":[0,0],"8":[0,0],"9":[0,0],"10":[0,0],"11":[0,0],"12":[0,0],"13":[0,0],"14":[0,0],"15":[0,0],"16":[0,0],"17":[0,0],"18":[0,0],"19":[0,0],"20":[0,0],"21":[0,0],"22":[0,0],"23":[0,0],"24":[0,0],"25":[0,0],"26":[0,0]},"f":{"1":0,"2":0,"3":0,"4":0,"5":0,"6":0,"7":0,"8":0},"fnMap":{"1":{"name":"WebFlight","line":33,"loc":{"start":{"line":33,"column":0},"end":{"line":33,"column":41}}},"2":{"name":"(anonymous_2)","line":89,"loc":{"start":{"line":89,"column":27},"end":{"line":89,"column":39}}},"3":{"name":"(anonymous_3)","line":111,"loc":{"start":{"line":111,"column":31},"end":{"line":111,"column":57}}},"4":{"name":"(anonymous_4)","line":121,"loc":{"start":{"line":121,"column":28},"end":{"line":121,"column":40}}},"5":{"name":"(anonymous_5)","line":132,"loc":{"start":{"line":132,"column":28},"end":{"line":132,"column":54}}},"6":{"name":"(anonymous_6)","line":138,"loc":{"start":{"line":138,"column":15},"end":{"line":138,"column":27}}},"7":{"name":"showError","line":152,"loc":{"start":{"line":152,"column":0},"end":{"line":152,"column":27}}},"8":{"name":"setBotGenerator","line":157,"loc":{"start":{"line":157,"column":0},"end":{"line":157,"column":32}}}},"statementMap":{"1":{"start":{"line":3,"column":0},"end":{"line":3,"column":24}},"2":{"start":{"line":4,"column":0},"end":{"line":4,"column":28}},"3":{"start":{"line":5,"column":0},"end":{"line":5,"column":46}},"4":{"start":{"line":7,"column":0},"end":{"line":7,"column":54}},"5":{"start":{"line":8,"column":0},"end":{"line":8,"column":54}},"6":{"start":{"line":9,"column":0},"end":{"line":9,"column":50}},"7":{"start":{"line":10,"column":0},"end":{"line":10,"column":44}},"8":{"start":{"line":11,"column":0},"end":{"line":11,"column":48}},"9":{"start":{"line":12,"column":0},"end":{"line":12,"column":50}},"10":{"start":{"line":13,"column":0},"end":{"line":13,"column":50}},"11":{"start":{"line":14,"column":0},"end":{"line":14,"column":56}},"12":{"start":{"line":15,"column":0},"end":{"line":15,"column":16}},"13":{"start":{"line":33,"column":0},"end":{"line":87,"column":1}},"14":{"start":{"line":34,"column":2},"end":{"line":36,"column":4}},"15":{"start":{"line":35,"column":4},"end":{"line":35,"column":28}},"16":{"start":{"line":38,"column":2},"end":{"line":40,"column":4}},"17":{"start":{"line":39,"column":4},"end":{"line":39,"column":43}},"18":{"start":{"line":42,"column":2},"end":{"line":42,"column":16}},"19":{"start":{"line":43,"column":2},"end":{"line":43,"column":21}},"20":{"start":{"line":44,"column":2},"end":{"line":44,"column":31}},"21":{"start":{"line":46,"column":2},"end":{"line":46,"column":66}},"22":{"start":{"line":49,"column":2},"end":{"line":52,"column":3}},"23":{"start":{"line":50,"column":4},"end":{"line":50,"column":29}},"24":{"start":{"line":51,"column":4},"end":{"line":51,"column":46}},"25":{"start":{"line":54,"column":2},"end":{"line":54,"column":48}},"26":{"start":{"line":56,"column":2},"end":{"line":56,"column":81}},"27":{"start":{"line":58,"column":2},"end":{"line":66,"column":4}},"28":{"start":{"line":59,"column":4},"end":{"line":65,"column":5}},"29":{"start":{"line":60,"column":6},"end":{"line":60,"column":54}},"30":{"start":{"line":61,"column":6},"end":{"line":61,"column":52}},"31":{"start":{"line":62,"column":11},"end":{"line":65,"column":5}},"32":{"start":{"line":63,"column":6},"end":{"line":63,"column":53}},"33":{"start":{"line":64,"column":6},"end":{"line":64,"column":52}},"34":{"start":{"line":68,"column":2},"end":{"line":70,"column":4}},"35":{"start":{"line":69,"column":4},"end":{"line":69,"column":38}},"36":{"start":{"line":72,"column":2},"end":{"line":72,"column":41}},"37":{"start":{"line":73,"column":2},"end":{"line":73,"column":52}},"38":{"start":{"line":74,"column":2},"end":{"line":74,"column":52}},"39":{"start":{"line":76,"column":2},"end":{"line":76,"column":44}},"40":{"start":{"line":77,"column":2},"end":{"line":77,"column":40}},"41":{"start":{"line":80,"column":2},"end":{"line":80,"column":31}},"42":{"start":{"line":82,"column":2},"end":{"line":82,"column":41}},"43":{"start":{"line":82,"column":21},"end":{"line":82,"column":41}},"44":{"start":{"line":83,"column":2},"end":{"line":83,"column":47}},"45":{"start":{"line":83,"column":24},"end":{"line":83,"column":47}},"46":{"start":{"line":84,"column":2},"end":{"line":84,"column":49}},"47":{"start":{"line":84,"column":25},"end":{"line":84,"column":49}},"48":{"start":{"line":85,"column":2},"end":{"line":85,"column":39}},"49":{"start":{"line":85,"column":20},"end":{"line":85,"column":39}},"50":{"start":{"line":86,"column":2},"end":{"line":86,"column":36}},"51":{"start":{"line":86,"column":16},"end":{"line":86,"column":36}},"52":{"start":{"line":89,"column":0},"end":{"line":109,"column":1}},"53":{"start":{"line":90,"column":2},"end":{"line":92,"column":4}},"54":{"start":{"line":91,"column":4},"end":{"line":91,"column":29}},"55":{"start":{"line":93,"column":2},"end":{"line":93,"column":47}},"56":{"start":{"line":94,"column":2},"end":{"line":94,"column":68}},"57":{"start":{"line":95,"column":2},"end":{"line":108,"column":3}},"58":{"start":{"line":96,"column":4},"end":{"line":101,"column":51}},"59":{"start":{"line":103,"column":4},"end":{"line":107,"column":51}},"60":{"start":{"line":111,"column":0},"end":{"line":119,"column":1}},"61":{"start":{"line":112,"column":2},"end":{"line":112,"column":37}},"62":{"start":{"line":114,"column":2},"end":{"line":118,"column":3}},"63":{"start":{"line":115,"column":4},"end":{"line":115,"column":81}},"64":{"start":{"line":117,"column":4},"end":{"line":117,"column":10}},"65":{"start":{"line":121,"column":0},"end":{"line":130,"column":1}},"66":{"start":{"line":123,"column":2},"end":{"line":126,"column":3}},"67":{"start":{"line":124,"column":4},"end":{"line":124,"column":49}},"68":{"start":{"line":125,"column":4},"end":{"line":125,"column":75}},"69":{"start":{"line":128,"column":2},"end":{"line":128,"column":31}},"70":{"start":{"line":129,"column":2},"end":{"line":129,"column":20}},"71":{"start":{"line":132,"column":0},"end":{"line":150,"column":1}},"72":{"start":{"line":133,"column":2},"end":{"line":133,"column":37}},"73":{"start":{"line":135,"column":2},"end":{"line":139,"column":3}},"74":{"start":{"line":136,"column":4},"end":{"line":136,"column":16}},"75":{"start":{"line":138,"column":4},"end":{"line":138,"column":62}},"76":{"start":{"line":138,"column":29},"end":{"line":138,"column":42}},"77":{"start":{"line":141,"column":2},"end":{"line":141,"column":78}},"78":{"start":{"line":141,"column":42},"end":{"line":141,"column":78}},"79":{"start":{"line":142,"column":2},"end":{"line":145,"column":3}},"80":{"start":{"line":143,"column":4},"end":{"line":143,"column":23}},"81":{"start":{"line":144,"column":4},"end":{"line":144,"column":39}},"82":{"start":{"line":146,"column":2},"end":{"line":146,"column":63}},"83":{"start":{"line":146,"column":51},"end":{"line":146,"column":63}},"84":{"start":{"line":147,"column":2},"end":{"line":147,"column":71}},"85":{"start":{"line":147,"column":35},"end":{"line":147,"column":71}},"86":{"start":{"line":149,"column":2},"end":{"line":149,"column":8}},"87":{"start":{"line":152,"column":0},"end":{"line":155,"column":1}},"88":{"start":{"line":153,"column":2},"end":{"line":154,"column":82}},"89":{"start":{"line":153,"column":27},"end":{"line":153,"column":83}},"90":{"start":{"line":154,"column":7},"end":{"line":154,"column":82}},"91":{"start":{"line":157,"column":0},"end":{"line":160,"column":1}},"92":{"start":{"line":158,"column":2},"end":{"line":159,"column":60}},"93":{"start":{"line":161,"column":0},"end":{"line":161,"column":26}}},"branchMap":{"1":{"line":46,"type":"binary-expr","locations":[{"start":{"line":46,"column":16},"end":{"line":46,"column":30}},{"start":{"line":46,"column":34},"end":{"line":46,"column":66}}]},"2":{"line":49,"type":"if","locations":[{"start":{"line":49,"column":2},"end":{"line":49,"column":2}},{"start":{"line":49,"column":2},"end":{"line":49,"column":2}}]},"3":{"line":54,"type":"binary-expr","locations":[{"start":{"line":54,"column":17},"end":{"line":54,"column":32}},{"start":{"line":54,"column":37},"end":{"line":54,"column":47}}]},"4":{"line":56,"type":"binary-expr","locations":[{"start":{"line":56,"column":20},"end":{"line":56,"column":38}},{"start":{"line":56,"column":42},"end":{"line":56,"column":81}}]},"5":{"line":59,"type":"if","locations":[{"start":{"line":59,"column":4},"end":{"line":59,"column":4}},{"start":{"line":59,"column":4},"end":{"line":59,"column":4}}]},"6":{"line":62,"type":"if","locations":[{"start":{"line":62,"column":11},"end":{"line":62,"column":11}},{"start":{"line":62,"column":11},"end":{"line":62,"column":11}}]},"7":{"line":72,"type":"binary-expr","locations":[{"start":{"line":72,"column":19},"end":{"line":72,"column":36}},{"start":{"line":72,"column":40},"end":{"line":72,"column":41}}]},"8":{"line":76,"type":"binary-expr","locations":[{"start":{"line":76,"column":19},"end":{"line":76,"column":36}},{"start":{"line":76,"column":40},"end":{"line":76,"column":44}}]},"9":{"line":77,"type":"binary-expr","locations":[{"start":{"line":77,"column":17},"end":{"line":77,"column":32}},{"start":{"line":77,"column":36},"end":{"line":77,"column":40}}]},"10":{"line":82,"type":"if","locations":[{"start":{"line":82,"column":2},"end":{"line":82,"column":2}},{"start":{"line":82,"column":2},"end":{"line":82,"column":2}}]},"11":{"line":83,"type":"if","locations":[{"start":{"line":83,"column":2},"end":{"line":83,"column":2}},{"start":{"line":83,"column":2},"end":{"line":83,"column":2}}]},"12":{"line":84,"type":"if","locations":[{"start":{"line":84,"column":2},"end":{"line":84,"column":2}},{"start":{"line":84,"column":2},"end":{"line":84,"column":2}}]},"13":{"line":85,"type":"if","locations":[{"start":{"line":85,"column":2},"end":{"line":85,"column":2}},{"start":{"line":85,"column":2},"end":{"line":85,"column":2}}]},"14":{"line":86,"type":"if","locations":[{"start":{"line":86,"column":2},"end":{"line":86,"column":2}},{"start":{"line":86,"column":2},"end":{"line":86,"column":2}}]},"15":{"line":95,"type":"if","locations":[{"start":{"line":95,"column":2},"end":{"line":95,"column":2}},{"start":{"line":95,"column":2},"end":{"line":95,"column":2}}]},"16":{"line":114,"type":"if","locations":[{"start":{"line":114,"column":2},"end":{"line":114,"column":2}},{"start":{"line":114,"column":2},"end":{"line":114,"column":2}}]},"17":{"line":123,"type":"if","locations":[{"start":{"line":123,"column":2},"end":{"line":123,"column":2}},{"start":{"line":123,"column":2},"end":{"line":123,"column":2}}]},"18":{"line":135,"type":"if","locations":[{"start":{"line":135,"column":2},"end":{"line":135,"column":2}},{"start":{"line":135,"column":2},"end":{"line":135,"column":2}}]},"19":{"line":135,"type":"binary-expr","locations":[{"start":{"line":135,"column":6},"end":{"line":135,"column":43}},{"start":{"line":135,"column":47},"end":{"line":135,"column":79}}]},"20":{"line":141,"type":"if","locations":[{"start":{"line":141,"column":2},"end":{"line":141,"column":2}},{"start":{"line":141,"column":2},"end":{"line":141,"column":2}}]},"21":{"line":142,"type":"if","locations":[{"start":{"line":142,"column":2},"end":{"line":142,"column":2}},{"start":{"line":142,"column":2},"end":{"line":142,"column":2}}]},"22":{"line":146,"type":"if","locations":[{"start":{"line":146,"column":2},"end":{"line":146,"column":2}},{"start":{"line":146,"column":2},"end":{"line":146,"column":2}}]},"23":{"line":146,"type":"binary-expr","locations":[{"start":{"line":146,"column":6},"end":{"line":146,"column":18}},{"start":{"line":146,"column":22},"end":{"line":146,"column":49}}]},"24":{"line":147,"type":"if","locations":[{"start":{"line":147,"column":2},"end":{"line":147,"column":2}},{"start":{"line":147,"column":2},"end":{"line":147,"column":2}}]},"25":{"line":153,"type":"if","locations":[{"start":{"line":153,"column":2},"end":{"line":153,"column":2}},{"start":{"line":153,"column":2},"end":{"line":153,"column":2}}]},"26":{"line":158,"type":"cond-expr","locations":[{"start":{"line":158,"column":16},"end":{"line":158,"column":67}},{"start":{"line":159,"column":16},"end":{"line":159,"column":60}}]}},"code":["'use strict'","","const fs = require('fs')","const path = require('path')","const child_process = require('child_process')","","const stringifyFiles = require('./lib/stringifyFiles')","const createFilesObj = require('./lib/createFilesObj')","const hashFilesObj = require('./lib/hashFilesObj')","const writeJsUL = require('./lib/writeJsUL')","const replaceHtml = require('./lib/replaceHtml')","const addStatusBar = require('./lib/addStatusBar')","const writeNewHtml = require('./lib/writeNewHtml')","const uncommentingEJS = require('./lib/uncommentingEJS')","let botGenerator","","/**","* @param {Object} options","*   siteUrl: String            (required)","*   assetsPath: Array          (required)","*   assetsRoute: Array         (required)","*   routes: Object             (required)","*   userCount: Number          (optional - defaults to 10)","*   wfPath: String             (optional - defaults to '/wfPath')","*   wfRoute: String            (optional - defaults to '/wfRoute')","*   seedScript: String         (optional - defaults to 'wf-seed.js')","*   statusBar: Boolean         (optional - defaults to true)","*   devMode:   Boolean         (option   - defaults to true)","*","* @param {string} serverRoot - path to root folder","*/","","function WebFlight (options, serverRoot) {","  Object.keys(options).forEach((key) => {","    this[key] = options[key]","  })","","  let fileNamesArr = Object.keys(this.routes).map((file) => {","    return path.basename(this.routes[file])","  })","","  this.count = 0  // non-configurable","  this.active = false // non-configurable","  this.fileNames = fileNamesArr // non-configurable","","  this.wfPath = options.wfPath || path.join(serverRoot, '/wfPath')  // default","","  // TODO: existsSync is deprecated, need alternative","  if (!fs.existsSync(this.wfPath)) {","    fs.mkdirSync(this.wfPath)","    fs.mkdirSync(path.join(this.wfPath, 'js'))","  }","","  this.wfRoute = options.wfRoute || ('/wfRoute')  // default","","  this.seedScript = options.seedScript || path.join(this.wfPath, 'js/wf-seed.js')  // default","","  this.jsOutputDL = fileNamesArr.map((file) => { // non-configurable","    if (path.extname(this.routes[file]) === '.html') {","      file = path.basename(this.routes[file], '.html')","      return `${this.wfPath}/js/${file}-download.js`","    } else if (path.extname(this.routes[file]) === '.ejs') {","      file = path.basename(this.routes[file], '.ejs')","      return `${this.wfPath}/js/${file}-download.js`","    }","  })","","  this.htmlOutput = fileNamesArr.map((file) => { // non-configurable","    return `${this.wfPath}/wf-${file}`","  })","","  this.userCount = options.userCount || 5  // default (redirect)","  this.prepCount = Math.floor(this.userCount * 0.75)  // non-configurable (start bots)","  this.stopCount = Math.floor(this.userCount * 0.50)  // non-configurable (kill bots, redirect back)","","  this.statusBar = options.statusBar || true // default","  this.devMode = options.devMode || true // default","","  // Require for botGenerator is based on devMode flag","  setBotGenerator(this.devMode)","","  if (!this.siteUrl) showError('siteUrl')","  if (!this.assetsPath) showError('assetsPath')","  if (!this.assetsRoute) showError('assetsRoute')","  if (!this.routes) showError('routes')","  if (!options) showError('options')","}","","WebFlight.prototype.init = function () {","  const htmlFiles = Object.keys(this.routes).map((route) => {","    return this.routes[route]","  })","  const htmlStrings = stringifyFiles(htmlFiles)","  const filesObj = createFilesObj(this.assetsPath, this.assetsRoute)","  if (this.statusBar) {","    hashFilesObj(filesObj)","    .then(writeJsUL.bind(null, this.seedScript, this.siteUrl, this.stopCount))","    .then(replaceHtml.bind(null, htmlStrings, htmlFiles))","    .then(addStatusBar.bind(null))","    .then(uncommentingEJS.bind(null))","    .then(writeNewHtml.bind(null, this.htmlOutput))","  } else {","    hashFilesObj(filesObj)","    .then(writeJsUL.bind(null, this.seedScript, this.siteUrl, this.stopCount))","    .then(replaceHtml.bind(null, htmlStrings, htmlFiles))","    .then(uncommentingEJS.bind(null))","    .then(writeNewHtml.bind(null, this.htmlOutput))","  }","}","","WebFlight.prototype.redirect = function (req, res, next) {","  const destination = req.originalUrl","","  if (this.routes[destination]) {","    res.sendFile(`/${this.wfPath}/wf-${path.basename(this.routes[destination])}`)","  } else {","    next()","  }","}","","WebFlight.prototype.start = function () {","  // if devMode is false, create screen for Xvfb to run","  if (!this.devMode) {","    child_process.exec('export DISPLAY=\\'0:99\\'')","    child_process.exec('Xvfb :99 -screen 0 1024x768x24 > /dev/null 2>&1 &')","  }","","  botGenerator(this.seedScript)","  this.active = true","}","","WebFlight.prototype.watch = function (req, res, next) {","  const destination = req.originalUrl","","  if (path.extname(destination) === '.html' || path.extname(destination) === '') {","    ++this.count","","    setTimeout(function () { --this.count }.bind(this), 20000)","  }","","  if (destination === '/count.check.4wf') return res.send({count: this.count})","  if (destination === '/bots.no.longer.seeding.4wf') {","    this.active = false","    console.log('bots ending redirect')","  }","  if (!this.active && this.count > this.prepCount) this.start()","  if (this.count > this.userCount) return this.redirect(req, res, next)","","  next()","}","","function showError (input) {","  if (input === 'options') console.error('Error: You must enter an options object')","  else console.log(`Error: WebFlight options object requires \"${input}\" property`)","}","","function setBotGenerator (bool) {","  return bool ? botGenerator = require('./lib/botGeneratorDevMode')","              : botGenerator = require('./lib/botGenerator')","}","module.exports = WebFlight",""],"l":{"3":1,"4":1,"5":1,"7":1,"8":1,"9":1,"10":1,"11":1,"12":1,"13":1,"14":1,"15":1,"33":1,"34":0,"35":0,"38":0,"39":0,"42":0,"43":0,"44":0,"46":0,"49":0,"50":0,"51":0,"54":0,"56":0,"58":0,"59":0,"60":0,"61":0,"62":0,"63":0,"64":0,"68":0,"69":0,"72":0,"73":0,"74":0,"76":0,"77":0,"80":0,"82":0,"83":0,"84":0,"85":0,"86":0,"89":1,"90":0,"91":0,"93":0,"94":0,"95":0,"96":0,"103":0,"111":1,"112":0,"114":0,"115":0,"117":0,"121":1,"123":0,"124":0,"125":0,"128":0,"129":0,"132":1,"133":0,"135":0,"136":0,"138":0,"141":0,"142":0,"143":0,"144":0,"146":0,"147":0,"149":0,"152":1,"153":0,"154":0,"157":1,"158":0,"161":1}},"/home/travis/build/npmtest/node-npmtest-webflight/node_modules/webflight/lib/stringifyFiles.js":{"path":"/home/travis/build/npmtest/node-npmtest-webflight/node_modules/webflight/lib/stringifyFiles.js","s":{"1":1,"2":1,"3":1,"4":1,"5":0,"6":0,"7":0,"8":0,"9":0,"10":0,"11":0,"12":1},"b":{"1":[0,0],"2":[0,0]},"f":{"1":0},"fnMap":{"1":{"name":"stringifyFiles","line":10,"loc":{"start":{"line":10,"column":0},"end":{"line":10,"column":37}}}},"statementMap":{"1":{"start":{"line":3,"column":0},"end":{"line":3,"column":24}},"2":{"start":{"line":4,"column":0},"end":{"line":4,"column":28}},"3":{"start":{"line":5,"column":0},"end":{"line":5,"column":48}},"4":{"start":{"line":10,"column":0},"end":{"line":21,"column":1}},"5":{"start":{"line":11,"column":2},"end":{"line":11,"column":65}},"6":{"start":{"line":11,"column":40},"end":{"line":11,"column":65}},"7":{"start":{"line":13,"column":2},"end":{"line":20,"column":4}},"8":{"start":{"line":14,"column":4},"end":{"line":19,"column":5}},"9":{"start":{"line":15,"column":6},"end":{"line":15,"column":54}},"10":{"start":{"line":16,"column":6},"end":{"line":16,"column":38}},"11":{"start":{"line":18,"column":6},"end":{"line":18,"column":42}},"12":{"start":{"line":23,"column":0},"end":{"line":23,"column":31}}},"branchMap":{"1":{"line":11,"type":"if","locations":[{"start":{"line":11,"column":2},"end":{"line":11,"column":2}},{"start":{"line":11,"column":2},"end":{"line":11,"column":2}}]},"2":{"line":14,"type":"if","locations":[{"start":{"line":14,"column":4},"end":{"line":14,"column":4}},{"start":{"line":14,"column":4},"end":{"line":14,"column":4}}]}},"code":["'use strict'","","const fs = require('fs')","const path = require('path')","const commentingEJS = require('./commentingEJS')","","/**"," * @param {array} filesArray - array of files from route options"," */","function stringifyFiles (filesArray) {","  if (filesArray.constructor !== Array) filesArray = [filesArray]","","  return filesArray.map((file) => {","    if (path.extname(file) === '.ejs') {","      const stringFile = fs.readFileSync(file, 'utf8')","      return commentingEJS(stringFile)","    } else {","      return fs.readFileSync(file, 'utf8')","    }","  })","}","","module.exports = stringifyFiles",""],"l":{"3":1,"4":1,"5":1,"10":1,"11":0,"13":0,"14":0,"15":0,"16":0,"18":0,"23":1}},"/home/travis/build/npmtest/node-npmtest-webflight/node_modules/webflight/lib/commentingEJS.js":{"path":"/home/travis/build/npmtest/node-npmtest-webflight/node_modules/webflight/lib/commentingEJS.js","s":{"1":1,"2":0,"3":0,"4":1},"b":{},"f":{"1":0,"2":0},"fnMap":{"1":{"name":"commentingEJS","line":2,"loc":{"start":{"line":2,"column":0},"end":{"line":2,"column":30}}},"2":{"name":"(anonymous_2)","line":3,"loc":{"start":{"line":3,"column":41},"end":{"line":3,"column":68}}}},"statementMap":{"1":{"start":{"line":2,"column":0},"end":{"line":6,"column":1}},"2":{"start":{"line":3,"column":2},"end":{"line":5,"column":4}},"3":{"start":{"line":4,"column":4},"end":{"line":4,"column":42}},"4":{"start":{"line":7,"column":0},"end":{"line":7,"column":30}}},"branchMap":{},"code":["","function commentingEJS (file) {","  return file.replace(/<%([\\w\\W]*?)%>/g, function (match, subMatch) {","    return '<!-- <%' + subMatch + '%> -->'","  })","}","module.exports = commentingEJS",""],"l":{"2":1,"3":0,"4":0,"7":1}},"/home/travis/build/npmtest/node-npmtest-webflight/node_modules/webflight/lib/createFilesObj.js":{"path":"/home/travis/build/npmtest/node-npmtest-webflight/node_modules/webflight/lib/createFilesObj.js","s":{"1":1,"2":1,"3":1,"4":0,"5":0,"6":0,"7":0,"8":0,"9":0,"10":0,"11":0,"12":0,"13":0,"14":0,"15":0,"16":0,"17":0,"18":0,"19":0,"20":1},"b":{"1":[0,0],"2":[0,0]},"f":{"1":0},"fnMap":{"1":{"name":"createFilesObj","line":10,"loc":{"start":{"line":10,"column":0},"end":{"line":10,"column":37}}}},"statementMap":{"1":{"start":{"line":2,"column":0},"end":{"line":2,"column":24}},"2":{"start":{"line":3,"column":0},"end":{"line":3,"column":28}},"3":{"start":{"line":10,"column":0},"end":{"line":40,"column":1}},"4":{"start":{"line":12,"column":2},"end":{"line":12,"column":45}},"5":{"start":{"line":12,"column":34},"end":{"line":12,"column":45}},"6":{"start":{"line":14,"column":2},"end":{"line":14,"column":25}},"7":{"start":{"line":15,"column":2},"end":{"line":15,"column":21}},"8":{"start":{"line":17,"column":2},"end":{"line":22,"column":4}},"9":{"start":{"line":19,"column":4},"end":{"line":19,"column":40}},"10":{"start":{"line":21,"column":4},"end":{"line":21,"column":76}},"11":{"start":{"line":21,"column":55},"end":{"line":21,"column":74}},"12":{"start":{"line":24,"column":2},"end":{"line":29,"column":4}},"13":{"start":{"line":26,"column":4},"end":{"line":26,"column":34}},"14":{"start":{"line":26,"column":26},"end":{"line":26,"column":34}},"15":{"start":{"line":28,"column":4},"end":{"line":28,"column":12}},"16":{"start":{"line":31,"column":2},"end":{"line":37,"column":4}},"17":{"start":{"line":32,"column":4},"end":{"line":36,"column":6}},"18":{"start":{"line":33,"column":6},"end":{"line":35,"column":7}},"19":{"start":{"line":39,"column":2},"end":{"line":39,"column":21}},"20":{"start":{"line":42,"column":0},"end":{"line":42,"column":31}}},"branchMap":{"1":{"line":12,"type":"if","locations":[{"start":{"line":12,"column":2},"end":{"line":12,"column":2}},{"start":{"line":12,"column":2},"end":{"line":12,"column":2}}]},"2":{"line":26,"type":"if","locations":[{"start":{"line":26,"column":4},"end":{"line":26,"column":4}},{"start":{"line":26,"column":4},"end":{"line":26,"column":4}}]}},"code":["'use strict'","const fs = require('fs')","const path = require('path')","","/**"," * @param {string} | {array} dir - absolute path to directory (or directories) containing content to be seeded"," * @param {string} | {array} route - route (or routes) on the site that will have seeded content"," */","","function createFilesObj (dir, route) {","  // TODO: handle edge cases, make errors","  if (dir.constructor === String) dir = [dir]","","  const returnObject = {}","  let filesArray = []","","  dir.forEach((folder) => {","    // TODO: refactor for fs.readdir","    const files = fs.readdirSync(folder)","","    filesArray = filesArray.concat(files.map((file) => `${folder}/${file}`))","  })","","  const routesArr = route.map((r) => {","    // each route r in array should conform to the pattern in provided options object","    if (!r.endsWith('/')) r += '/'","","    return r","  })","","  routesArr.forEach((route) => {","    filesArray.forEach((file) => {","      returnObject[route + path.basename(file)] = {","        path: `${file}`","      }","    })","  })","","  return returnObject","}","","module.exports = createFilesObj",""],"l":{"2":1,"3":1,"10":1,"12":0,"14":0,"15":0,"17":0,"19":0,"21":0,"24":0,"26":0,"28":0,"31":0,"32":0,"33":0,"39":0,"42":1}},"/home/travis/build/npmtest/node-npmtest-webflight/node_modules/webflight/lib/hashFilesObj.js":{"path":"/home/travis/build/npmtest/node-npmtest-webflight/node_modules/webflight/lib/hashFilesObj.js","s":{"1":1,"2":1,"3":1,"4":0,"5":0,"6":0,"7":0,"8":0,"9":0,"10":1,"11":0,"12":0,"13":0,"14":0,"15":0,"16":0,"17":0,"18":0,"19":0,"20":0,"21":0,"22":0,"23":0,"24":0,"25":0,"26":0,"27":0,"28":1},"b":{"1":[0,0],"2":[0,0]},"f":{"1":0,"2":0},"fnMap":{"1":{"name":"hashFilesObj","line":6,"loc":{"start":{"line":6,"column":0},"end":{"line":6,"column":33}}},"2":{"name":"hashFile","line":15,"loc":{"start":{"line":15,"column":4},"end":{"line":15,"column":30}}}},"statementMap":{"1":{"start":{"line":3,"column":0},"end":{"line":3,"column":47}},"2":{"start":{"line":4,"column":0},"end":{"line":4,"column":45}},"3":{"start":{"line":6,"column":0},"end":{"line":45,"column":1}},"4":{"start":{"line":7,"column":2},"end":{"line":44,"column":4}},"5":{"start":{"line":8,"column":4},"end":{"line":8,"column":28}},"6":{"start":{"line":9,"column":4},"end":{"line":9,"column":44}},"7":{"start":{"line":10,"column":4},"end":{"line":12,"column":6}},"8":{"start":{"line":11,"column":6},"end":{"line":11,"column":32}},"9":{"start":{"line":14,"column":4},"end":{"line":14,"column":27}},"10":{"start":{"line":15,"column":4},"end":{"line":43,"column":5}},"11":{"start":{"line":16,"column":6},"end":{"line":16,"column":33}},"12":{"start":{"line":17,"column":6},"end":{"line":17,"column":35}},"13":{"start":{"line":19,"column":6},"end":{"line":42,"column":8}},"14":{"start":{"line":20,"column":8},"end":{"line":23,"column":9}},"15":{"start":{"line":21,"column":10},"end":{"line":21,"column":21}},"16":{"start":{"line":22,"column":10},"end":{"line":22,"column":19}},"17":{"start":{"line":25,"column":8},"end":{"line":25,"column":41}},"18":{"start":{"line":26,"column":8},"end":{"line":26,"column":33}},"19":{"start":{"line":27,"column":8},"end":{"line":27,"column":42}},"20":{"start":{"line":28,"column":8},"end":{"line":30,"column":20}},"21":{"start":{"line":29,"column":10},"end":{"line":29,"column":32}},"22":{"start":{"line":32,"column":8},"end":{"line":32,"column":80}},"23":{"start":{"line":34,"column":8},"end":{"line":34,"column":33}},"24":{"start":{"line":35,"column":8},"end":{"line":35,"column":40}},"25":{"start":{"line":37,"column":8},"end":{"line":41,"column":9}},"26":{"start":{"line":38,"column":10},"end":{"line":38,"column":25}},"27":{"start":{"line":40,"column":10},"end":{"line":40,"column":26}},"28":{"start":{"line":47,"column":0},"end":{"line":47,"column":29}}},"branchMap":{"1":{"line":20,"type":"if","locations":[{"start":{"line":20,"column":8},"end":{"line":20,"column":8}},{"start":{"line":20,"column":8},"end":{"line":20,"column":8}}]},"2":{"line":37,"type":"if","locations":[{"start":{"line":37,"column":8},"end":{"line":37,"column":8}},{"start":{"line":37,"column":8},"end":{"line":37,"column":8}}]}},"code":["'use strict'","","const createTorrent = require('create-torrent')","const parseTorrent = require('parse-torrent')","","function hashFilesObj (filesObj) {","  return new Promise((resolve, reject) => {","    const hashObj = filesObj","    const filesArray = Object.keys(filesObj)","    const filesSrcArray = Object.keys(filesObj).map((file) => {","      return filesObj[file].path","    })","","    hashFile(filesSrcArray)","    function hashFile (array) {","      const fileSrc = array.pop()","      const file = filesArray.pop()","","      createTorrent(fileSrc, (err, torrent) => {","        if (err) {","          reject(err)","          throw err","        }","","        const tor = parseTorrent(torrent)","        const hash = tor.infoHash","        const filename = tor.files[0].name"
[...]
e":51,"column":0},"end":{"line":51,"column":29}}},"branchMap":{"1":{"line":32,"type":"if","locations":[{"start":{"line":32,"column":6},"end":{"line":32,"column":6}},{"start":{"line":32,"column":6},"end":{"line":32,"column":6}}]},"2":{"line":34,"type":"if","locations":[{"start":{"line":34,"column":10},"end":{"line":34,"column":10}},{"start":{"line":34,"column":10},"end":{"line":34,"column":10}}]},"3":{"line":42,"type":"if","locations":[{"start":{"line":42,"column":6},"end":{"line":42,"column":6}},{"start":{"line":42,"column":6},"end":{"line":42,"column":6}}]}},"code":["'use strict'","","const cheerio = require('cheerio')","const path = require('path')","","function addStatusBar (infoArray) {","  const fileHashArr = Array.from(new Set(Object.keys(infoArray[1]).map((asset) => {","    return infoArray[1][asset].hash","  })))","","  return infoArray[0].map((htmlString) => {","    const $ = cheerio.load(htmlString)","    $('body').append(`<div id=\"webflight-loading-ui\" style=\"position: absolute; top: 0; right: 0;\"><div id=\"webflight-close\" style=\"dispay: block; float: right; background: #931f1f; color: white; font-size: 12px; text-align: center; height: 20px; width: 50px; padding: 10px 0px; cursor: pointer; font-family: sans-serif;\"><strong>Close</strong></div><div id=\"webflight-open-button\" style=\"display: block; float: left; height: 20px; width: 230px; padding: 10px; text-align: center; background: #728BAC; color: white; cursor: pointer; font-family: sans-serif\"><strong>WebFlight Status</strong></div><div id=\"webflight-seed\" style=\"clear:both; max-height: 300px; overflow-y: scroll; width: 270px; background: white; padding: 15px; text-align: left; display: none; font-family: sans-serif;\">You are downloading and seeding the following files:</div></div>","  <script>","    $(document).ready(function() {","      $('#webflight-close').click(function() {","        $('#webflight-open-button, #webflight-close, #webflight-seed').hide();","      })","      $('#webflight-open-button').click(function() {","        $('#webflight-seed').slideToggle();","      })","    })","  </script>`)","","    // TODO: Refactoring","","    let elementArray = []","    let uniqObj = {}","","    fileHashArr.forEach((hash) => {","      let element = $(`.${hash}`)","      if (element.length) {","        for (let file in infoArray[1]) {","          if (infoArray[1][file].hash === hash) {","            elementArray.push({file: file, hash: hash})","          }","        }","      }","    })","","    elementArray.forEach((item) => {","      if (!uniqObj[item.hash]) {","        $('#webflight-seed').append(`<div style=\"font-family: sans-serif\"><br><br><strong>'${path.basename(item.file)}'</strong> at hash: <span style=\"font-size: 12px; font-weight: bold;\"><br>${item.hash}</span></div>`)","        uniqObj[item.hash] = true","      }","    })","    return $.html()","  })","}","","module.exports = addStatusBar",""],"l":{"3":1,"4":1,"6":1,"7":0,"8":0,"11":0,"12":0,"13":0,"27":0,"28":0,"30":0,"31":0,"32":0,"33":0,"34":0,"35":0,"41":0,"42":0,"43":0,"44":0,"47":0,"51":1}},"/home/travis/build/npmtest/node-npmtest-webflight/node_modules/webflight/lib/writeNewHtml.js":{"path":"/home/travis/build/npmtest/node-npmtest-webflight/node_modules/webflight/lib/writeNewHtml.js","s":{"1":1,"2":1,"3":0,"4":0,"5":1},"b":{},"f":{"1":0},"fnMap":{"1":{"name":"writeNewHtml","line":7,"loc":{"start":{"line":7,"column":0},"end":{"line":7,"column":47}}}},"statementMap":{"1":{"start":{"line":3,"column":0},"end":{"line":3,"column":24}},"2":{"start":{"line":7,"column":0},"end":{"line":11,"column":1}},"3":{"start":{"line":8,"column":2},"end":{"line":10,"column":4}},"4":{"start":{"line":9,"column":4},"end":{"line":9,"column":58}},"5":{"start":{"line":13,"column":0},"end":{"line":13,"column":29}}},"branchMap":{},"code":["'use strict'","","const fs = require('fs')","","// TODO: check to see if info resolving from previous function still works","","function writeNewHtml (fileNames, htmlStrings) {","  htmlStrings[0].forEach((htmlString, index) => {","    fs.writeFileSync(fileNames[index], htmlString, 'utf8')","  })","}","","module.exports = writeNewHtml",""],"l":{"3":1,"7":1,"8":0,"9":0,"13":1}},"/home/travis/build/npmtest/node-npmtest-webflight/node_modules/webflight/lib/uncommentingEJS.js":{"path":"/home/travis/build/npmtest/node-npmtest-webflight/node_modules/webflight/lib/uncommentingEJS.js","s":{"1":1,"2":0,"3":0,"4":0,"5":1},"b":{},"f":{"1":0},"fnMap":{"1":{"name":"uncommentingEJS","line":3,"loc":{"start":{"line":3,"column":0},"end":{"line":3,"column":35}}}},"statementMap":{"1":{"start":{"line":3,"column":0},"end":{"line":7,"column":1}},"2":{"start":{"line":4,"column":2},"end":{"line":6,"column":4}},"3":{"start":{"line":5,"column":4},"end":{"line":5,"column":117}},"4":{"start":{"line":5,"column":85},"end":{"line":5,"column":115}},"5":{"start":{"line":9,"column":0},"end":{"line":9,"column":32}}},"branchMap":{},"code":["'use strict'","","function uncommentingEJS (strings) {","  return strings.map((everyEjsString) => {","    return everyEjsString.replace(/<!-- <%([\\w\\W]*?)%> -->/g, (match, subMatch) => { return '<%' + subMatch + '%>' })","  })","}","","module.exports = uncommentingEJS",""],"l":{"3":1,"4":0,"5":0,"9":1}},"/home/travis/build/npmtest/node-npmtest-webflight/node_modules/webflight/lib/botGeneratorDevMode.js":{"path":"/home/travis/build/npmtest/node-npmtest-webflight/node_modules/webflight/lib/botGeneratorDevMode.js","s":{"1":1,"2":1,"3":0,"4":0,"5":0,"6":0,"7":1},"b":{},"f":{"1":0,"2":0},"fnMap":{"1":{"name":"botGeneratorDev","line":3,"loc":{"start":{"line":3,"column":0},"end":{"line":3,"column":38}}},"2":{"name":"(anonymous_2)","line":21,"loc":{"start":{"line":21,"column":29},"end":{"line":21,"column":45}}}},"statementMap":{"1":{"start":{"line":1,"column":0},"end":{"line":1,"column":39}},"2":{"start":{"line":3,"column":0},"end":{"line":24,"column":1}},"3":{"start":{"line":4,"column":2},"end":{"line":4,"column":32}},"4":{"start":{"line":5,"column":2},"end":{"line":7,"column":4}},"5":{"start":{"line":21,"column":2},"end":{"line":23,"column":4}},"6":{"start":{"line":22,"column":4},"end":{"line":22,"column":32}},"7":{"start":{"line":26,"column":0},"end":{"line":26,"column":32}}},"branchMap":{},"code":["const spawn = require('electron-spawn')","","function botGeneratorDev (seedScript) {","  console.log('starting bot 🤖')","  const electron = spawn(seedScript, {","    detached: true","  })","  /**","  * Because of a known bug in chromium, the following code prints a wall of errors.","  * This should be uncommented when the issue is resolved. See here for details:","  *   https://bugs.chromium.org/p/chromium/issues/detail?id=579430","  * electron.stderr.on('data', function (data) {","  *  console.error('error', data.toString())","  * })","  */","","  // electron.stderr.on('data', function (data) {","  //   console.error('error', data.toString())","  // })","","  electron.stdout.on('data', function (data) {","    console.log(data.toString())","  })","}","","module.exports = botGeneratorDev",""],"l":{"1":1,"3":1,"4":0,"5":0,"21":0,"22":0,"26":1}},"/home/travis/build/npmtest/node-npmtest-webflight/node_modules/webflight/lib/botGenerator.js":{"path":"/home/travis/build/npmtest/node-npmtest-webflight/node_modules/webflight/lib/botGenerator.js","s":{"1":1,"2":1,"3":1,"4":1,"5":1,"6":0,"7":0,"8":0,"9":0,"10":0,"11":0,"12":1},"b":{"1":[0,0]},"f":{"1":0,"2":0},"fnMap":{"1":{"name":"botGenerator","line":7,"loc":{"start":{"line":7,"column":0},"end":{"line":7,"column":35}}},"2":{"name":"(anonymous_2)","line":25,"loc":{"start":{"line":25,"column":29},"end":{"line":25,"column":45}}}},"statementMap":{"1":{"start":{"line":1,"column":0},"end":{"line":1,"column":26}},"2":{"start":{"line":2,"column":0},"end":{"line":2,"column":21}},"3":{"start":{"line":3,"column":0},"end":{"line":3,"column":16}},"4":{"start":{"line":5,"column":0},"end":{"line":5,"column":39}},"5":{"start":{"line":7,"column":0},"end":{"line":31,"column":1}},"6":{"start":{"line":8,"column":2},"end":{"line":8,"column":32}},"7":{"start":{"line":9,"column":2},"end":{"line":11,"column":4}},"8":{"start":{"line":25,"column":2},"end":{"line":30,"column":4}},"9":{"start":{"line":28,"column":4},"end":{"line":28,"column":55}},"10":{"start":{"line":28,"column":40},"end":{"line":28,"column":55}},"11":{"start":{"line":29,"column":4},"end":{"line":29,"column":32}},"12":{"start":{"line":33,"column":0},"end":{"line":33,"column":29}}},"branchMap":{"1":{"line":28,"type":"if","locations":[{"start":{"line":28,"column":4},"end":{"line":28,"column":4}},{"start":{"line":28,"column":4},"end":{"line":28,"column":4}}]}},"code":["var Xvfb = require('xvfb')","var xvfb = new Xvfb()","xvfb.startSync()","","const spawn = require('electron-spawn')","","function botGenerator (seedScript) {","  console.log('starting bot 🤖')","  const electron = spawn(seedScript, {","    detached: true","  })","  /**","  * Because of a known bug in chromium, the following code prints a wall of errors.","  * This should be uncommented when the issue is resolved. See here for details:","  *   https://bugs.chromium.org/p/chromium/issues/detail?id=579430","  * electron.stderr.on('data', function (data) {","  *  console.error('error', data.toString())","  * })","  */","","  // electron.stderr.on('data', function (data) {","  //   console.error('error', data.toString())","  // })","","  electron.stdout.on('data', function (data) {","    // ends xvfb process if bots stop","","    if (data.includes('going offline')) xvfb.stopSync()","    console.log(data.toString())","  })","}","","module.exports = botGenerator",""],"l":{"1":1,"2":1,"3":1,"5":1,"7":1,"8":0,"9":0,"25":0,"28":0,"29":0,"33":1}},"/home/travis/build/npmtest/node-npmtest-webflight/node_modules/webflight/lib/createSeedObj.js":{"path":"/home/travis/build/npmtest/node-npmtest-webflight/node_modules/webflight/lib/createSeedObj.js","s":{"1":1,"2":1,"3":0,"4":0,"5":0,"6":0,"7":0,"8":0,"9":0,"10":0,"11":0,"12":0,"13":0,"14":0,"15":0,"16":0,"17":0,"18":0,"19":0,"20":1},"b":{"1":[0,0],"2":[0,0],"3":[0,0]},"f":{"1":0},"fnMap":{"1":{"name":"createSeedObj","line":3,"loc":{"start":{"line":3,"column":0},"end":{"line":3,"column":47}}}},"statementMap":{"1":{"start":{"line":1,"column":0},"end":{"line":1,"column":34}},"2":{"start":{"line":3,"column":0},"end":{"line":32,"column":1}},"3":{"start":{"line":4,"column":2},"end":{"line":4,"column":20}},"4":{"start":{"line":7,"column":2},"end":{"line":29,"column":4}},"5":{"start":{"line":8,"column":4},"end":{"line":8,"column":24}},"6":{"start":{"line":9,"column":4},"end":{"line":9,"column":23}},"7":{"start":{"line":11,"column":4},"end":{"line":11,"column":32}},"8":{"start":{"line":12,"column":4},"end":{"line":12,"column":40}},"9":{"start":{"line":15,"column":4},"end":{"line":21,"column":6}},"10":{"start":{"line":16,"column":6},"end":{"line":16,"column":37}},"11":{"start":{"line":18,"column":6},"end":{"line":18,"column":32}},"12":{"start":{"line":18,"column":26},"end":{"line":18,"column":32}},"13":{"start":{"line":19,"column":6},"end":{"line":19,"column":72}},"14":{"start":{"line":19,"column":38},"end":{"line":19,"column":72}},"15":{"start":{"line":20,"column":6},"end":{"line":20,"column":55}},"16":{"start":{"line":20,"column":37},"end":{"line":20,"column":55}},"17":{"start":{"line":23,"column":4},"end":{"line":23,"column":32}},"18":{"start":{"line":25,"column":4},"end":{"line":28,"column":5}},"19":{"start":{"line":31,"column":2},"end":{"line":31,"column":16}},"20":{"start":{"line":34,"column":0},"end":{"line":34,"column":30}}},"branchMap":{"1":{"line":18,"type":"if","locations":[{"start":{"line":18,"column":6},"end":{"line":18,"column":6}},{"start":{"line":18,"column":6},"end":{"line":18,"column":6}}]},"2":{"line":19,"type":"if","locations":[{"start":{"line":19,"column":6},"end":{"line":19,"column":6}},{"start":{"line":19,"column":6},"end":{"line":19,"column":6}}]},"3":{"line":20,"type":"if","locations":[{"start":{"line":20,"column":6},"end":{"line":20,"column":6}},{"start":{"line":20,"column":6},"end":{"line":20,"column":6}}]}},"code":["const cheerio = require('cheerio')","","function createSeedObj (htmlStrings, filesObj) {","  const seedObj = {}","","  // each html file gets its own seed based off srcs found on filesObj","  htmlStrings.map((html) => {","    const pathArray = []","    const srcArray = []","","    const $ = cheerio.load(html)","    const $src = $('body').find('[src]')","","    // load seedArray with files to seed","    $src.each((index, elem) => {","      const src = $(elem).attr('src')","","      if (!filesObj[src]) return","      if (pathArray.indexOf(src) < 0) pathArray.push(filesObj[src].path)","      if (srcArray.indexOf(src) < 0) srcArray.push(src)","    })","","    return [pathArray, srcArray]","  }).forEach((array, index) => {","    seedObj[index] = {","      paths: array[0],","      srcs: array[1]","    }","  })","","  return seedObj","}","","module.exports = createSeedObj",""],"l":{"1":1,"3":1,"4":0,"7":0,"8":0,"9":0,"11":0,"12":0,"15":0,"16":0,"18":0,"19":0,"20":0,"23":0,"25":0,"31":0,"34":1}},"/home/travis/build/npmtest/node-npmtest-webflight/node_modules/webflight/lib/hashSeedObj.js":{"path":"/home/travis/build/npmtest/node-npmtest-webflight/node_modules/webflight/lib/hashSeedObj.js","s":{"1":1,"2":1,"3":1,"4":1,"5":0,"6":0,"7":0,"8":0,"9":1,"10":0,"11":0,"12":0,"13":0,"14":0,"15":0,"16":0,"17":0,"18":0,"19":0,"20":0,"21":0,"22":0,"23":0,"24":1},"b":{"1":[0,0],"2":[0,0]},"f":{"1":0,"2":0},"fnMap":{"1":{"name":"hashSeedObj","line":7,"loc":{"start":{"line":7,"column":0},"end":{"line":7,"column":31}}},"2":{"name":"hashSeed","line":14,"loc":{"start":{"line":14,"column":4},"end":{"line":14,"column":43}}}},"statementMap":{"1":{"start":{"line":3,"column":0},"end":{"line":3,"column":27}},"2":{"start":{"line":4,"column":0},"end":{"line":4,"column":47}},"3":{"start":{"line":5,"column":0},"end":{"line":5,"column":45}},"4":{"start":{"line":7,"column":0},"end":{"line":39,"column":1}},"5":{"start":{"line":8,"column":2},"end":{"line":38,"column":4}},"6":{"start":{"line":9,"column":4},"end":{"line":9,"column":40}},"7":{"start":{"line":10,"column":4},"end":{"line":10,"column":43}},"8":{"start":{"line":12,"column":4},"end":{"line":12,"column":32}},"9":{"start":{"line":14,"column":4},"end":{"line":37,"column":5}},"10":{"start":{"line":15,"column":6},"end":{"line":36,"column":8}},"11":{"start":{"line":16,"column":8},"end":{"line":19,"column":9}},"12":{"start":{"line":17,"column":10},"end":{"line":17,"column":21}},"13":{"start":{"line":18,"column":10},"end":{"line":18,"column":19}},"14":{"start":{"line":21,"column":8},"end":{"line":21,"column":41}},"15":{"start":{"line":22,"column":8},"end":{"line":22,"column":33}},"16":{"start":{"line":23,"column":8},"end":{"line":23,"column":42}},"17":{"start":{"line":24,"column":8},"end":{"line":26,"column":20}},"18":{"start":{"line":25,"column":10},"end":{"line":25,"column":32}},"19":{"start":{"line":28,"column":8},"end":{"line":28,"column":82}},"20":{"start":{"line":30,"column":8},"end":{"line":30,"column":33}},"21":{"start":{"line":31,"column":8},"end":{"line":31,"column":40}},"22":{"start":{"line":33,"column":8},"end":{"line":35,"column":9}},"23":{"start":{"line":34,"column":10},"end":{"line":34,"column":26}},"24":{"start":{"line":41,"column":0},"end":{"line":41,"column":28}}},"branchMap":{"1":{"line":16,"type":"if","locations":[{"start":{"line":16,"column":8},"end":{"line":16,"column":8}},{"start":{"line":16,"column":8},"end":{"line":16,"column":8}}]},"2":{"line":33,"type":"if","locations":[{"start":{"line":33,"column":8},"end":{"line":33,"column":8}},{"start":{"line":33,"column":8},"end":{"line":33,"column":8}}]}},"code":["'use strict'","","const _ = require('lodash')","const createTorrent = require('create-torrent')","const parseTorrent = require('parse-torrent')","","function hashSeedObj (seedObj) {","  return new Promise((resolve, reject) => {","    const hashObj = _.cloneDeep(seedObj)","    const seedsArray = Object.keys(hashObj)","","    seedsArray.forEach(hashSeed)","","    function hashSeed (seed, index, array) {","      createTorrent(hashObj[seed].paths, (err, torrent) => {","        if (err) {","          reject(err)","          throw err","        }","","        const tor = parseTorrent(torrent)","        const hash = tor.infoHash","        const filename = tor.files[0].name","        const trackers = tor.announce.map((tracker) => {","          return `tr=${tracker}`","        }).join('&')","","        const magnetURI = `magnet:?xt=urn:btih:${hash}&dn=${filename}&${trackers}`","","        hashObj[seed].hash = hash","        hashObj[seed].magnet = magnetURI","","        if (index === array.length - 1) {","          resolve(hashObj)","        }","      })","    }","  })","}","","module.exports = hashSeedObj",""],"l":{"3":1,"4":1,"5":1,"7":1,"8":0,"9":0,"10":0,"12":0,"14":1,"15":0,"16":0,"17":0,"18":0,"21":0,"22":0,"23":0,"24":0,"25":0,"28":0,"30":0,"31":0,"33":0,"34":0,"41":1}},"/home/travis/build/npmtest/node-npmtest-webflight/node_modules/webflight/lib/writeSeedScript.js":{"path":"/home/travis/build/npmtest/node-npmtest-webflight/node_modules/webflight/lib/writeSeedScript.js","s":{"1":1,"2":1,"3":0,"4":0,"5":0,"6":0,"7":0,"8":0,"9":0,"10":0,"11":0,"12":0,"13":0,"14":0,"15":1},"b":{},"f":{"1":0},"fnMap":{"1":{"name":"writeSeedScript","line":5,"loc":{"start":{"line":5,"column":0},"end":{"line":5,"column":59}}}},"statementMap":{"1":{"start":{"line":3,"column":0},"end":{"line":3,"column":24}},"2":{"start":{"line":5,"column":0},"end":{"line":51,"column":1}},"3":{"start":{"line":6,"column":2},"end":{"line":6,"column":76}},"4":{"start":{"line":6,"column":56},"end":{"line":6,"column":75}},"5":{"start":{"line":8,"column":2},"end":{"line":8,"column":20}},"6":{"start":{"line":9,"column":2},"end":{"line":11,"column":36}},"7":{"start":{"line":13,"column":2},"end":{"line":26,"column":4}},"8":{"start":{"line":14,"column":4},"end":{"line":14,"column":16}},"9":{"start":{"line":15,"column":4},"end":{"line":25,"column":1}},"10":{"start":{"line":28,"column":2},"end":{"line":28,"column":81}},"11":{"start":{"line":29,"column":2},"end":{"line":44,"column":1}},"12":{"start":{"line":46,"column":2},"end":{"line":46,"column":64}},"13":{"start":{"line":48,"column":2},"end":{"line":48,"column":44}},"14":{"start":{"line":50,"column":2},"end":{"line":50,"column":16}},"15":{"start":{"line":53,"column":0},"end":{"line":53,"column":32}}},"branchMap":{},"code":["'use strict'","","const fs = require('fs')","","function writeSeedScript (output, url, stopCount, seedObj) {","  const seedsArray = Object.keys(seedObj).map((seed) => seedObj[seed].paths)","","  let totalSeeds = 0","  let jsString = 'var http = require(\\'http\\');\\n' +","    'var WebTorrent = require(\\'webtorrent\\');\\n' +","    'var client = new WebTorrent();'","","  seedsArray.forEach((seed) => {","    totalSeeds++","    jsString += `","","client.seed('[${seed}]', function(torrent) {","  --totalSeeds;","","  console.log('🐣 ', torrent.files.map((file) => file.name).slice(2).join(', '), 'etc., now seeding at hash ', torrent.infoHash);","","  if (!totalSeeds) console.log('🕊 all seeds active')","});","","`","  })","","  jsString += 'console.log(\\'⌛️ \\', \\'waiting on \\', totalSeeds, \\' seeds...\\');'","  jsString += `","setInterval(function() {","  http.get('${url}/count.check.4wf', function(response) {","    response.on('data', function(data) {","      data = JSON.parse(data);","","      if (data.count < ${stopCount}) {","        console.log('😴 bots going offline')","        http.get('${url}/bots.no.longer.seeding.4wf')","        require('remote').require('app').quit()","      }","    });","  });","}, 600000);","","`","","  jsString = `var totalSeeds = ${totalSeeds};` + '\\n' + jsString","","  fs.writeFileSync(output, jsString, 'utf8')","","  return seedObj","}","","module.exports = writeSeedScript",""],"l":{"3":1,"5":1,"6":0,"8":0,"9":0,"13":0,"14":0,"15":0,"28":0,"29":0,"46":0,"48":0,"50":0,"53":1}}}